251202 08:37:41 mysqld_safe Starting mariadbd daemon with databases from /config/databases
2025-12-02  8:37:41 0 [Note] Starting MariaDB 11.4.8-MariaDB-log source revision c4ed889b74ed95fa8b4eaf96610d4c1480b346a4 server_uid GkYCyYu1oxIS2uDAv7gaP0TjLqg= as process 497
2025-12-02  8:37:41 0 [Note] InnoDB: Compressed tables use zlib 1.3.1
2025-12-02  8:37:41 0 [Note] InnoDB: Number of transaction pools: 1
2025-12-02  8:37:41 0 [Note] InnoDB: Using crc32 + pclmulqdq instructions
2025-12-02  8:37:41 0 [Note] InnoDB: Using Linux native AIO
2025-12-02  8:37:41 0 [Note] InnoDB: innodb_buffer_pool_size_max=256m, innodb_buffer_pool_size=256m
2025-12-02  8:37:41 0 [Note] InnoDB: Completed initialization of buffer pool
2025-12-02  8:37:41 0 [Note] InnoDB: File system buffers for log disabled (block size=512 bytes)
2025-12-02  8:37:41 0 [Note] InnoDB: End of log at LSN=47763
2025-12-02  8:37:41 0 [Note] InnoDB: Opened 3 undo tablespaces
2025-12-02  8:37:41 0 [Note] InnoDB: 128 rollback segments in 3 undo tablespaces are active.
2025-12-02  8:37:41 0 [Note] InnoDB: Setting file './ibtmp1' size to 12.000MiB. Physically writing the file full; Please wait ...
2025-12-02  8:37:41 0 [Note] InnoDB: File './ibtmp1' size is now 12.000MiB.
2025-12-02  8:37:41 0 [Note] InnoDB: log sequence number 47763; transaction id 14
2025-12-02  8:37:41 0 [Note] Plugin 'FEEDBACK' is disabled.
2025-12-02  8:37:41 0 [Note] InnoDB: Loading buffer pool(s) from /config/databases/ib_buffer_pool
2025-12-02  8:37:41 0 [Note] Plugin 'wsrep-provider' is disabled.
2025-12-02  8:37:41 0 [Note] InnoDB: Buffer pool(s) load completed at 251202  8:37:41
2025-12-02  8:37:42 0 [Note] Server socket created on IP: '0.0.0.0', port: '3306'.
2025-12-02  8:37:42 0 [Note] Server socket created on IP: '::', port: '3306'.
2025-12-02  8:37:42 0 [Note] mariadbd: Event Scheduler: Loaded 0 events
2025-12-02  8:37:42 0 [Note] /usr/bin/mariadbd: ready for connections.
Version: '11.4.8-MariaDB-log'  socket: '/run/mysqld/mysqld.sock'  port: 3306  Alpine Linux
2025-12-02  8:37:42 4 [Warning] Aborted connection 4 to db: 'unconnected' user: 'unauthenticated' host: 'localhost' (This connection closed normally without authentication)
2025-12-02  8:37:42 7 [Warning] Access denied for user 'root'@'localhost' (using password: YES)
2025-12-02  8:37:43 6 [Warning] Aborted connection 6 to db: 'unconnected' user: 'unauthenticated' host: 'bookstack.wiki_default' (This connection closed normally without authentication)
2025-12-05  9:51:34 0 [Note] /usr/bin/mariadbd (initiated by: unknown): Normal shutdown
2025-12-05  9:51:34 0 [Note] InnoDB: FTS optimize thread exiting.
2025-12-05  9:51:34 0 [Note] InnoDB: Starting shutdown...
2025-12-05  9:51:34 0 [Note] InnoDB: Dumping buffer pool(s) to /config/databases/ib_buffer_pool
2025-12-05  9:51:34 0 [Note] InnoDB: Buffer pool(s) dump completed at 251205  9:51:34
2025-12-05  9:51:34 0 [Note] InnoDB: Removed temporary tablespace data file: "./ibtmp1"
2025-12-05  9:51:34 0 [Note] InnoDB: Shutdown completed; log sequence number 4800870; transaction id 3338
2025-12-05  9:51:34 0 [Note] /usr/bin/mariadbd: Shutdown complete
251205 09:51:34 mysqld_safe mysqld from pid file /run/mysqld/mysqld.pid ended
251205 09:51:47 mysqld_safe Starting mariadbd daemon with databases from /config/databases
2025-12-05  9:51:47 0 [Note] Starting MariaDB 11.4.8-MariaDB-log source revision c4ed889b74ed95fa8b4eaf96610d4c1480b346a4 server_uid xxzBXD6qqbsHbJUIKBsr9LQQjls= as process 421
2025-12-05  9:51:47 0 [Note] InnoDB: Compressed tables use zlib 1.3.1
2025-12-05  9:51:47 0 [Note] InnoDB: Number of transaction pools: 1
2025-12-05  9:51:47 0 [Note] InnoDB: Using crc32 + pclmulqdq instructions
2025-12-05  9:51:47 0 [Note] InnoDB: Using Linux native AIO
2025-12-05  9:51:47 0 [Note] InnoDB: innodb_buffer_pool_size_max=256m, innodb_buffer_pool_size=256m
2025-12-05  9:51:47 0 [Note] InnoDB: Completed initialization of buffer pool
2025-12-05  9:51:47 0 [Note] InnoDB: File system buffers for log disabled (block size=512 bytes)
2025-12-05  9:51:47 0 [Note] InnoDB: End of log at LSN=4800870
2025-12-05  9:51:47 0 [Note] InnoDB: Opened 3 undo tablespaces
2025-12-05  9:51:47 0 [Note] InnoDB: 128 rollback segments in 3 undo tablespaces are active.
2025-12-05  9:51:47 0 [Note] InnoDB: Setting file './ibtmp1' size to 12.000MiB. Physically writing the file full; Please wait ...
2025-12-05  9:51:47 0 [Note] InnoDB: File './ibtmp1' size is now 12.000MiB.
2025-12-05  9:51:47 0 [Note] InnoDB: log sequence number 4800870; transaction id 3339
2025-12-05  9:51:47 0 [Note] InnoDB: Loading buffer pool(s) from /config/databases/ib_buffer_pool
2025-12-05  9:51:47 0 [Note] Plugin 'FEEDBACK' is disabled.
2025-12-05  9:51:47 0 [Note] Plugin 'wsrep-provider' is disabled.
2025-12-05  9:51:47 0 [Note] InnoDB: Buffer pool(s) load completed at 251205  9:51:47
2025-12-05  9:51:48 0 [Note] Server socket created on IP: '0.0.0.0', port: '3306'.
2025-12-05  9:51:48 0 [Note] Server socket created on IP: '::', port: '3306'.
2025-12-05  9:51:48 0 [Note] mariadbd: Event Scheduler: Loaded 0 events
2025-12-05  9:51:48 0 [Note] /usr/bin/mariadbd: ready for connections.
Version: '11.4.8-MariaDB-log'  socket: '/run/mysqld/mysqld.sock'  port: 3306  Alpine Linux
2025-12-05  9:51:49 4 [Warning] Aborted connection 4 to db: 'unconnected' user: 'unauthenticated' host: 'localhost' (This connection closed normally without authentication)
2025-12-05  9:51:49 6 [Warning] Access denied for user 'root'@'localhost' (using password: YES)
2025-12-05  9:51:50 7 [Warning] Aborted connection 7 to db: 'unconnected' user: 'unauthenticated' host: 'bookstack.wiki_default' (This connection closed normally without authentication)
2025-12-09 14:34:47 0 [Note] /usr/bin/mariadbd (initiated by: unknown): Normal shutdown
2025-12-09 14:34:47 0 [Note] InnoDB: FTS optimize thread exiting.
2025-12-09 14:34:47 0 [Note] InnoDB: Starting shutdown...
2025-12-09 14:34:47 0 [Note] InnoDB: Dumping buffer pool(s) to /config/databases/ib_buffer_pool
2025-12-09 14:34:47 0 [Note] InnoDB: Buffer pool(s) dump completed at 251209 14:34:47
2025-12-09 14:34:48 0 [Note] InnoDB: Removed temporary tablespace data file: "./ibtmp1"
2025-12-09 14:34:48 0 [Note] InnoDB: Shutdown completed; log sequence number 4800870; transaction id 3354
2025-12-09 14:34:48 0 [Note] /usr/bin/mariadbd: Shutdown complete
251209 14:34:48 mysqld_safe mysqld from pid file /run/mysqld/mysqld.pid ended
251209 14:35:21 mysqld_safe Starting mariadbd daemon with databases from /config/databases
2025-12-09 14:35:21 0 [Note] Starting MariaDB 11.4.8-MariaDB-log source revision c4ed889b74ed95fa8b4eaf96610d4c1480b346a4 server_uid GuH0e9khW7WGMs2ti+xZeWCSuAM= as process 421
2025-12-09 14:35:21 0 [Note] InnoDB: Compressed tables use zlib 1.3.1
2025-12-09 14:35:21 0 [Note] InnoDB: Number of transaction pools: 1
2025-12-09 14:35:21 0 [Note] InnoDB: Using crc32 + pclmulqdq instructions
2025-12-09 14:35:21 0 [Note] InnoDB: Using Linux native AIO
2025-12-09 14:35:21 0 [Note] InnoDB: innodb_buffer_pool_size_max=256m, innodb_buffer_pool_size=256m
2025-12-09 14:35:21 0 [Note] InnoDB: Completed initialization of buffer pool
2025-12-09 14:35:21 0 [Note] InnoDB: File system buffers for log disabled (block size=512 bytes)
2025-12-09 14:35:21 0 [Note] InnoDB: End of log at LSN=4800870
2025-12-09 14:35:21 0 [Note] InnoDB: Opened 3 undo tablespaces
2025-12-09 14:35:21 0 [Note] InnoDB: 128 rollback segments in 3 undo tablespaces are active.
2025-12-09 14:35:21 0 [Note] InnoDB: Setting file './ibtmp1' size to 12.000MiB. Physically writing the file full; Please wait ...
2025-12-09 14:35:21 0 [Note] InnoDB: File './ibtmp1' size is now 12.000MiB.
2025-12-09 14:35:21 0 [Note] InnoDB: log sequence number 4800870; transaction id 3339
2025-12-09 14:35:21 0 [Note] InnoDB: Loading buffer pool(s) from /config/databases/ib_buffer_pool
2025-12-09 14:35:21 0 [Note] Plugin 'FEEDBACK' is disabled.
2025-12-09 14:35:21 0 [Note] Plugin 'wsrep-provider' is disabled.
2025-12-09 14:35:21 0 [Note] InnoDB: Buffer pool(s) load completed at 251209 14:35:21
2025-12-09 14:35:24 0 [Note] Server socket created on IP: '0.0.0.0', port: '3306'.
2025-12-09 14:35:24 0 [Note] Server socket created on IP: '::', port: '3306'.
2025-12-09 14:35:24 0 [Note] mariadbd: Event Scheduler: Loaded 0 events
2025-12-09 14:35:24 0 [Note] /usr/bin/mariadbd: ready for connections.
Version: '11.4.8-MariaDB-log'  socket: '/run/mysqld/mysqld.sock'  port: 3306  Alpine Linux
2025-12-09 14:35:25 4 [Warning] Aborted connection 4 to db: 'unconnected' user: 'unauthenticated' host: 'localhost' (This connection closed normally without authentication)
2025-12-09 14:35:25 7 [Warning] Access denied for user 'root'@'localhost' (using password: YES)
2025-12-09 14:35:26 6 [Warning] Aborted connection 6 to db: 'unconnected' user: 'unauthenticated' host: 'bookstack.wiki_default' (This connection closed normally without authentication)
2025-12-17  9:49:06 0 [Note] /usr/bin/mariadbd (initiated by: unknown): Normal shutdown
2025-12-17  9:49:06 0 [Note] InnoDB: FTS optimize thread exiting.
2025-12-17  9:49:06 0 [Note] InnoDB: Starting shutdown...
2025-12-17  9:49:06 0 [Note] InnoDB: Dumping buffer pool(s) to /config/databases/ib_buffer_pool
2025-12-17  9:49:06 0 [Note] InnoDB: Buffer pool(s) dump completed at 251217  9:49:06
2025-12-17  9:49:06 0 [Note] InnoDB: Removed temporary tablespace data file: "./ibtmp1"
2025-12-17  9:49:06 0 [Note] InnoDB: Shutdown completed; log sequence number 6832397; transaction id 4331
2025-12-17  9:49:06 0 [Note] /usr/bin/mariadbd: Shutdown complete
251217 09:49:06 mysqld_safe mysqld from pid file /run/mysqld/mysqld.pid ended
251217 09:49:18 mysqld_safe Starting mariadbd daemon with databases from /config/databases
2025-12-17  9:49:19 0 [Note] Starting MariaDB 11.4.8-MariaDB-log source revision c4ed889b74ed95fa8b4eaf96610d4c1480b346a4 server_uid 9Cc5GRQnTFOiiZiFp5CSxMriyc0= as process 420
2025-12-17  9:49:19 0 [Note] InnoDB: Compressed tables use zlib 1.3.1
2025-12-17  9:49:19 0 [Note] InnoDB: Number of transaction pools: 1
2025-12-17  9:49:19 0 [Note] InnoDB: Using crc32 + pclmulqdq instructions
2025-12-17  9:49:19 0 [Note] InnoDB: Using Linux native AIO
2025-12-17  9:49:19 0 [Note] InnoDB: innodb_buffer_pool_size_max=256m, innodb_buffer_pool_size=256m
2025-12-17  9:49:19 0 [Note] InnoDB: Completed initialization of buffer pool
2025-12-17  9:49:19 0 [Note] InnoDB: File system buffers for log disabled (block size=512 bytes)
2025-12-17  9:49:19 0 [Note] InnoDB: End of log at LSN=6832397
2025-12-17  9:49:19 0 [Note] InnoDB: Opened 3 undo tablespaces
2025-12-17  9:49:19 0 [Note] InnoDB: 128 rollback segments in 3 undo tablespaces are active.
2025-12-17  9:49:19 0 [Note] InnoDB: Setting file './ibtmp1' size to 12.000MiB. Physically writing the file full; Please wait ...
2025-12-17  9:49:19 0 [Note] InnoDB: File './ibtmp1' size is now 12.000MiB.
2025-12-17  9:49:19 0 [Note] InnoDB: log sequence number 6832397; transaction id 4332
2025-12-17  9:49:19 0 [Note] Plugin 'FEEDBACK' is disabled.
2025-12-17  9:49:19 0 [Note] Plugin 'wsrep-provider' is disabled.
2025-12-17  9:49:19 0 [Note] InnoDB: Loading buffer pool(s) from /config/databases/ib_buffer_pool
2025-12-17  9:49:19 0 [Note] Binary log 'mariadb-bin.000001' is not purged because less than 'slave_connections_needed_for_purge' slaves have processed it
2025-12-17  9:49:19 0 [Note] InnoDB: Buffer pool(s) load completed at 251217  9:49:19
2025-12-17  9:49:19 0 [Note] Server socket created on IP: '0.0.0.0', port: '3306'.
2025-12-17  9:49:19 0 [Note] Server socket created on IP: '::', port: '3306'.
2025-12-17  9:49:19 0 [Note] mariadbd: Event Scheduler: Loaded 0 events
2025-12-17  9:49:19 0 [Note] /usr/bin/mariadbd: ready for connections.
Version: '11.4.8-MariaDB-log'  socket: '/run/mysqld/mysqld.sock'  port: 3306  Alpine Linux
2025-12-17  9:49:19 4 [Warning] Aborted connection 4 to db: 'unconnected' user: 'unauthenticated' host: 'localhost' (This connection closed normally without authentication)
2025-12-17  9:49:19 6 [Warning] Access denied for user 'root'@'localhost' (using password: YES)
2025-12-17  9:49:20 7 [Warning] Aborted connection 7 to db: 'unconnected' user: 'unauthenticated' host: 'bookstack.wiki_default' (This connection closed normally without authentication)
2025-12-17 10:02:17 0 [Note] /usr/bin/mariadbd (initiated by: unknown): Normal shutdown
2025-12-17 10:02:17 0 [Note] InnoDB: FTS optimize thread exiting.
2025-12-17 10:02:17 0 [Note] InnoDB: Starting shutdown...
2025-12-17 10:02:17 0 [Note] InnoDB: Dumping buffer pool(s) to /config/databases/ib_buffer_pool
2025-12-17 10:02:17 0 [Note] InnoDB: Buffer pool(s) dump completed at 251217 10:02:17
2025-12-17 10:02:17 0 [Note] InnoDB: Removed temporary tablespace data file: "./ibtmp1"
2025-12-17 10:02:17 0 [Note] InnoDB: Shutdown completed; log sequence number 6832397; transaction id 4347
2025-12-17 10:02:17 0 [Note] /usr/bin/mariadbd: Shutdown complete
251217 10:02:17 mysqld_safe mysqld from pid file /run/mysqld/mysqld.pid ended
251217 10:02:25 mysqld_safe Starting mariadbd daemon with databases from /config/databases
2025-12-17 10:02:25 0 [Note] Starting MariaDB 11.4.8-MariaDB-log source revision c4ed889b74ed95fa8b4eaf96610d4c1480b346a4 server_uid WsA3vDh9I99ZRVZV1Dv3GHLuSs0= as process 424
2025-12-17 10:02:25 0 [Note] InnoDB: Compressed tables use zlib 1.3.1
2025-12-17 10:02:25 0 [Note] InnoDB: Number of transaction pools: 1
2025-12-17 10:02:25 0 [Note] InnoDB: Using crc32 + pclmulqdq instructions
2025-12-17 10:02:25 0 [Note] InnoDB: Using Linux native AIO
2025-12-17 10:02:25 0 [Note] InnoDB: innodb_buffer_pool_size_max=256m, innodb_buffer_pool_size=256m
2025-12-17 10:02:25 0 [Note] InnoDB: Completed initialization of buffer pool
2025-12-17 10:02:25 0 [Note] InnoDB: File system buffers for log disabled (block size=512 bytes)
2025-12-17 10:02:25 0 [Note] InnoDB: End of log at LSN=6832397
2025-12-17 10:02:25 0 [Note] InnoDB: Opened 3 undo tablespaces
2025-12-17 10:02:25 0 [Note] InnoDB: 128 rollback segments in 3 undo tablespaces are active.
2025-12-17 10:02:25 0 [Note] InnoDB: Setting file './ibtmp1' size to 12.000MiB. Physically writing the file full; Please wait ...
2025-12-17 10:02:25 0 [Note] InnoDB: File './ibtmp1' size is now 12.000MiB.
2025-12-17 10:02:25 0 [Note] InnoDB: log sequence number 6832397; transaction id 4332
2025-12-17 10:02:25 0 [Note] Plugin 'FEEDBACK' is disabled.
2025-12-17 10:02:25 0 [Note] InnoDB: Loading buffer pool(s) from /config/databases/ib_buffer_pool
2025-12-17 10:02:25 0 [Note] Plugin 'wsrep-provider' is disabled.
2025-12-17 10:02:25 0 [Note] Binary log 'mariadb-bin.000001' is not purged because less than 'slave_connections_needed_for_purge' slaves have processed it
2025-12-17 10:02:25 0 [Note] InnoDB: Buffer pool(s) load completed at 251217 10:02:25
2025-12-17 10:02:26 0 [Note] Server socket created on IP: '0.0.0.0', port: '3306'.
2025-12-17 10:02:26 0 [Note] Server socket created on IP: '::', port: '3306'.
2025-12-17 10:02:26 0 [Note] mariadbd: Event Scheduler: Loaded 0 events
2025-12-17 10:02:26 0 [Note] /usr/bin/mariadbd: ready for connections.
Version: '11.4.8-MariaDB-log'  socket: '/run/mysqld/mysqld.sock'  port: 3306  Alpine Linux
2025-12-17 10:02:26 4 [Warning] Aborted connection 4 to db: 'unconnected' user: 'unauthenticated' host: 'localhost' (This connection closed normally without authentication)
2025-12-17 10:02:26 6 [Warning] Access denied for user 'root'@'localhost' (using password: YES)
2025-12-17 10:02:27 7 [Warning] Aborted connection 7 to db: 'unconnected' user: 'unauthenticated' host: 'bookstack.wiki_default' (This connection closed normally without authentication)
2026-01-08  9:39:09 0 [Note] /usr/bin/mariadbd (initiated by: unknown): Normal shutdown
2026-01-08  9:39:09 0 [Note] InnoDB: FTS optimize thread exiting.
2026-01-08  9:39:09 0 [Note] InnoDB: Starting shutdown...
2026-01-08  9:39:09 0 [Note] InnoDB: Dumping buffer pool(s) to /config/databases/ib_buffer_pool
2026-01-08  9:39:09 0 [Note] InnoDB: Buffer pool(s) dump completed at 260108  9:39:09
2026-01-08  9:39:10 0 [Note] InnoDB: Removed temporary tablespace data file: "./ibtmp1"
2026-01-08  9:39:10 0 [Note] InnoDB: Shutdown completed; log sequence number 7182305; transaction id 4926
2026-01-08  9:39:10 0 [Note] /usr/bin/mariadbd: Shutdown complete
260108 09:39:10 mysqld_safe mysqld from pid file /run/mysqld/mysqld.pid ended
260108 09:39:22 mysqld_safe Starting mariadbd daemon with databases from /config/databases
2026-01-08  9:39:22 0 [Note] Starting MariaDB 11.4.8-MariaDB-log source revision c4ed889b74ed95fa8b4eaf96610d4c1480b346a4 server_uid aY0uiLNFxYoO1k/Kb8LvSvz0ETo= as process 424
2026-01-08  9:39:22 0 [Note] InnoDB: Compressed tables use zlib 1.3.1
2026-01-08  9:39:22 0 [Note] InnoDB: Number of transaction pools: 1
2026-01-08  9:39:22 0 [Note] InnoDB: Using crc32 + pclmulqdq instructions
2026-01-08  9:39:22 0 [Note] InnoDB: Using Linux native AIO
2026-01-08  9:39:22 0 [Note] InnoDB: innodb_buffer_pool_size_max=256m, innodb_buffer_pool_size=256m
2026-01-08  9:39:22 0 [Note] InnoDB: Completed initialization of buffer pool
2026-01-08  9:39:22 0 [Note] InnoDB: File system buffers for log disabled (block size=512 bytes)
2026-01-08  9:39:22 0 [Note] InnoDB: End of log at LSN=7182305
2026-01-08  9:39:22 0 [Note] InnoDB: Opened 3 undo tablespaces
2026-01-08  9:39:22 0 [Note] InnoDB: 128 rollback segments in 3 undo tablespaces are active.
2026-01-08  9:39:22 0 [Note] InnoDB: Setting file './ibtmp1' size to 12.000MiB. Physically writing the file full; Please wait ...
2026-01-08  9:39:22 0 [Note] InnoDB: File './ibtmp1' size is now 12.000MiB.
2026-01-08  9:39:22 0 [Note] InnoDB: log sequence number 7182305; transaction id 4927
2026-01-08  9:39:22 0 [Note] Plugin 'FEEDBACK' is disabled.
2026-01-08  9:39:22 0 [Note] InnoDB: Loading buffer pool(s) from /config/databases/ib_buffer_pool
2026-01-08  9:39:22 0 [Note] Plugin 'wsrep-provider' is disabled.
2026-01-08  9:39:22 0 [Note] Binary log 'mariadb-bin.000001' is not purged because less than 'slave_connections_needed_for_purge' slaves have processed it
2026-01-08  9:39:22 0 [Note] InnoDB: Buffer pool(s) load completed at 260108  9:39:22
2026-01-08  9:39:22 0 [Note] Server socket created on IP: '0.0.0.0', port: '3306'.
2026-01-08  9:39:22 0 [Note] Server socket created on IP: '::', port: '3306'.
2026-01-08  9:39:22 0 [Note] mariadbd: Event Scheduler: Loaded 0 events
2026-01-08  9:39:22 0 [Note] /usr/bin/mariadbd: ready for connections.
Version: '11.4.8-MariaDB-log'  socket: '/run/mysqld/mysqld.sock'  port: 3306  Alpine Linux
2026-01-08  9:39:23 4 [Warning] Aborted connection 4 to db: 'unconnected' user: 'unauthenticated' host: 'localhost' (This connection closed normally without authentication)
2026-01-08  9:39:23 6 [Warning] Access denied for user 'root'@'localhost' (using password: YES)
2026-01-08  9:39:24 7 [Warning] Aborted connection 7 to db: 'unconnected' user: 'unauthenticated' host: 'bookstack.wiki_default' (This connection closed normally without authentication)
2026-01-08 10:10:52 0 [Note] /usr/bin/mariadbd (initiated by: unknown): Normal shutdown
2026-01-08 10:10:52 0 [Note] InnoDB: FTS optimize thread exiting.
2026-01-08 10:10:52 0 [Note] InnoDB: Starting shutdown...
2026-01-08 10:10:52 0 [Note] InnoDB: Dumping buffer pool(s) to /config/databases/ib_buffer_pool
2026-01-08 10:10:52 0 [Note] InnoDB: Buffer pool(s) dump completed at 260108 10:10:52
2026-01-08 10:10:52 0 [Note] InnoDB: Removed temporary tablespace data file: "./ibtmp1"
2026-01-08 10:10:52 0 [Note] InnoDB: Shutdown completed; log sequence number 7182305; transaction id 4942
2026-01-08 10:10:52 0 [Note] /usr/bin/mariadbd: Shutdown complete
260108 10:10:52 mysqld_safe mysqld from pid file /run/mysqld/mysqld.pid ended
260108 10:18:50 mysqld_safe Starting mariadbd daemon with databases from /config/databases
2026-01-08 10:18:50 0 [Note] Starting MariaDB 11.4.8-MariaDB-log source revision c4ed889b74ed95fa8b4eaf96610d4c1480b346a4 server_uid KxU8NVRG+LCcZexH6X3Y9YWU+H0= as process 424
2026-01-08 10:18:50 0 [Note] InnoDB: Compressed tables use zlib 1.3.1
2026-01-08 10:18:50 0 [Note] InnoDB: Number of transaction pools: 1
2026-01-08 10:18:50 0 [Note] InnoDB: Using crc32 + pclmulqdq instructions
2026-01-08 10:18:50 0 [Note] InnoDB: Using Linux native AIO
2026-01-08 10:18:50 0 [Note] InnoDB: innodb_buffer_pool_size_max=256m, innodb_buffer_pool_size=256m
2026-01-08 10:18:50 0 [Note] InnoDB: Completed initialization of buffer pool
2026-01-08 10:18:50 0 [Note] InnoDB: File system buffers for log disabled (block size=512 bytes)
2026-01-08 10:18:50 0 [Note] InnoDB: End of log at LSN=7182305
2026-01-08 10:18:50 0 [Note] InnoDB: Opened 3 undo tablespaces
2026-01-08 10:18:50 0 [Note] InnoDB: 128 rollback segments in 3 undo tablespaces are active.
2026-01-08 10:18:50 0 [Note] InnoDB: Setting file './ibtmp1' size to 12.000MiB. Physically writing the file full; Please wait ...
2026-01-08 10:18:50 0 [Note] InnoDB: File './ibtmp1' size is now 12.000MiB.
2026-01-08 10:18:50 0 [Note] InnoDB: log sequence number 7182305; transaction id 4927
2026-01-08 10:18:50 0 [Note] Plugin 'FEEDBACK' is disabled.
2026-01-08 10:18:50 0 [Note] InnoDB: Loading buffer pool(s) from /config/databases/ib_buffer_pool
2026-01-08 10:18:50 0 [Note] Plugin 'wsrep-provider' is disabled.
2026-01-08 10:18:51 0 [Note] Binary log 'mariadb-bin.000001' is not purged because less than 'slave_connections_needed_for_purge' slaves have processed it
2026-01-08 10:18:51 0 [Note] InnoDB: Buffer pool(s) load completed at 260108 10:18:51
2026-01-08 10:18:51 0 [Note] Server socket created on IP: '0.0.0.0', port: '3306'.
2026-01-08 10:18:51 0 [Note] Server socket created on IP: '::', port: '3306'.
2026-01-08 10:18:51 0 [Note] mariadbd: Event Scheduler: Loaded 0 events
2026-01-08 10:18:51 0 [Note] /usr/bin/mariadbd: ready for connections.
Version: '11.4.8-MariaDB-log'  socket: '/run/mysqld/mysqld.sock'  port: 3306  Alpine Linux
2026-01-08 10:18:52 5 [Warning] Aborted connection 5 to db: 'unconnected' user: 'unauthenticated' host: 'localhost' (This connection closed normally without authentication)
2026-01-08 10:18:52 7 [Warning] Access denied for user 'root'@'localhost' (using password: YES)
2026-01-08 10:18:53 4 [Warning] Aborted connection 4 to db: 'unconnected' user: 'unauthenticated' host: 'bookstack.wiki_default' (This connection closed normally without authentication)
2026-01-08 10:30:15 0 [Note] /usr/bin/mariadbd (initiated by: unknown): Normal shutdown
2026-01-08 10:30:15 0 [Note] InnoDB: FTS optimize thread exiting.
2026-01-08 10:30:15 0 [Note] InnoDB: Starting shutdown...
2026-01-08 10:30:15 0 [Note] InnoDB: Dumping buffer pool(s) to /config/databases/ib_buffer_pool
2026-01-08 10:30:15 0 [Note] InnoDB: Buffer pool(s) dump completed at 260108 10:30:15
2026-01-08 10:30:16 0 [Note] InnoDB: Removed temporary tablespace data file: "./ibtmp1"
2026-01-08 10:30:16 0 [Note] InnoDB: Shutdown completed; log sequence number 7182305; transaction id 4944
2026-01-08 10:30:16 0 [Note] /usr/bin/mariadbd: Shutdown complete
260108 10:30:16 mysqld_safe mysqld from pid file /run/mysqld/mysqld.pid ended
260108 11:00:55 mysqld_safe Starting mariadbd daemon with databases from /config/databases
2026-01-08 11:00:55 0 [Note] Starting MariaDB 11.4.8-MariaDB-log source revision c4ed889b74ed95fa8b4eaf96610d4c1480b346a4 server_uid OO7y1zEMP9dewh4f32T++ChKN8E= as process 424
2026-01-08 11:00:55 0 [Note] InnoDB: Compressed tables use zlib 1.3.1
2026-01-08 11:00:55 0 [Note] InnoDB: Number of transaction pools: 1
2026-01-08 11:00:55 0 [Note] InnoDB: Using crc32 + pclmulqdq instructions
2026-01-08 11:00:55 0 [Note] InnoDB: Using Linux native AIO
2026-01-08 11:00:55 0 [Note] InnoDB: innodb_buffer_pool_size_max=256m, innodb_buffer_pool_size=256m
2026-01-08 11:00:55 0 [Note] InnoDB: Completed initialization of buffer pool
2026-01-08 11:00:55 0 [Note] InnoDB: File system buffers for log disabled (block size=512 bytes)
2026-01-08 11:00:55 0 [Note] InnoDB: End of log at LSN=7182305
2026-01-08 11:00:55 0 [Note] InnoDB: Opened 3 undo tablespaces
2026-01-08 11:00:55 0 [Note] InnoDB: 128 rollback segments in 3 undo tablespaces are active.
2026-01-08 11:00:55 0 [Note] InnoDB: Setting file './ibtmp1' size to 12.000MiB. Physically writing the file full; Please wait ...
2026-01-08 11:00:55 0 [Note] InnoDB: File './ibtmp1' size is now 12.000MiB.
2026-01-08 11:00:55 0 [Note] InnoDB: log sequence number 7182305; transaction id 4927
2026-01-08 11:00:55 0 [Note] Plugin 'FEEDBACK' is disabled.
2026-01-08 11:00:55 0 [Note] Plugin 'wsrep-provider' is disabled.
2026-01-08 11:00:55 0 [Note] InnoDB: Loading buffer pool(s) from /config/databases/ib_buffer_pool
2026-01-08 11:00:55 0 [Note] Binary log 'mariadb-bin.000001' is not purged because less than 'slave_connections_needed_for_purge' slaves have processed it
2026-01-08 11:00:55 0 [Note] InnoDB: Buffer pool(s) load completed at 260108 11:00:55
2026-01-08 11:00:56 0 [Note] Server socket created on IP: '0.0.0.0', port: '3306'.
2026-01-08 11:00:56 0 [Note] Server socket created on IP: '::', port: '3306'.
2026-01-08 11:00:56 0 [Note] mariadbd: Event Scheduler: Loaded 0 events
2026-01-08 11:00:56 0 [Note] /usr/bin/mariadbd: ready for connections.
Version: '11.4.8-MariaDB-log'  socket: '/run/mysqld/mysqld.sock'  port: 3306  Alpine Linux
2026-01-08 11:00:56 4 [Warning] Aborted connection 4 to db: 'unconnected' user: 'unauthenticated' host: 'localhost' (This connection closed normally without authentication)
2026-01-08 11:00:56 6 [Warning] Access denied for user 'root'@'localhost' (using password: YES)
2026-01-08 11:00:57 7 [Warning] Aborted connection 7 to db: 'unconnected' user: 'unauthenticated' host: 'bookstack.wiki_default' (This connection closed normally without authentication)
2026-01-08 11:56:18 0 [Note] /usr/bin/mariadbd (initiated by: unknown): Normal shutdown
2026-01-08 11:56:18 0 [Note] InnoDB: FTS optimize thread exiting.
2026-01-08 11:56:18 0 [Note] InnoDB: Starting shutdown...
2026-01-08 11:56:18 0 [Note] InnoDB: Dumping buffer pool(s) to /config/databases/ib_buffer_pool
2026-01-08 11:56:18 0 [Note] InnoDB: Buffer pool(s) dump completed at 260108 11:56:18
2026-01-08 11:56:18 0 [Note] InnoDB: Removed temporary tablespace data file: "./ibtmp1"
2026-01-08 11:56:18 0 [Note] InnoDB: Shutdown completed; log sequence number 7182305; transaction id 4944
2026-01-08 11:56:18 0 [Note] /usr/bin/mariadbd: Shutdown complete
260108 11:56:18 mysqld_safe mysqld from pid file /run/mysqld/mysqld.pid ended
260108 11:56:26 mysqld_safe Starting mariadbd daemon with databases from /config/databases
2026-01-08 11:56:26 0 [Note] Starting MariaDB 11.4.8-MariaDB-log source revision c4ed889b74ed95fa8b4eaf96610d4c1480b346a4 server_uid xycOAlrUzz7yNZYFrCVvwStXVyk= as process 424
2026-01-08 11:56:26 0 [Note] InnoDB: Compressed tables use zlib 1.3.1
2026-01-08 11:56:26 0 [Note] InnoDB: Number of transaction pools: 1
2026-01-08 11:56:26 0 [Note] InnoDB: Using crc32 + pclmulqdq instructions
2026-01-08 11:56:26 0 [Note] InnoDB: Using Linux native AIO
2026-01-08 11:56:26 0 [Note] InnoDB: innodb_buffer_pool_size_max=256m, innodb_buffer_pool_size=256m
2026-01-08 11:56:26 0 [Note] InnoDB: Completed initialization of buffer pool
2026-01-08 11:56:26 0 [Note] InnoDB: File system buffers for log disabled (block size=512 bytes)
2026-01-08 11:56:26 0 [Note] InnoDB: End of log at LSN=7182305
2026-01-08 11:56:26 0 [Note] InnoDB: Opened 3 undo tablespaces
2026-01-08 11:56:26 0 [Note] InnoDB: 128 rollback segments in 3 undo tablespaces are active.
2026-01-08 11:56:26 0 [Note] InnoDB: Setting file './ibtmp1' size to 12.000MiB. Physically writing the file full; Please wait ...
2026-01-08 11:56:26 0 [Note] InnoDB: File './ibtmp1' size is now 12.000MiB.
2026-01-08 11:56:26 0 [Note] InnoDB: log sequence number 7182305; transaction id 4927
2026-01-08 11:56:26 0 [Note] InnoDB: Loading buffer pool(s) from /config/databases/ib_buffer_pool
2026-01-08 11:56:26 0 [Note] Plugin 'FEEDBACK' is disabled.
2026-01-08 11:56:26 0 [Note] Plugin 'wsrep-provider' is disabled.
2026-01-08 11:56:26 0 [Note] Binary log 'mariadb-bin.000001' is not purged because less than 'slave_connections_needed_for_purge' slaves have processed it
2026-01-08 11:56:26 0 [Note] InnoDB: Buffer pool(s) load completed at 260108 11:56:26
2026-01-08 11:56:27 0 [Note] Server socket created on IP: '0.0.0.0', port: '3306'.
2026-01-08 11:56:27 0 [Note] Server socket created on IP: '::', port: '3306'.
2026-01-08 11:56:27 0 [Note] mariadbd: Event Scheduler: Loaded 0 events
2026-01-08 11:56:27 0 [Note] /usr/bin/mariadbd: ready for connections.
Version: '11.4.8-MariaDB-log'  socket: '/run/mysqld/mysqld.sock'  port: 3306  Alpine Linux
2026-01-08 11:56:27 4 [Warning] Aborted connection 4 to db: 'unconnected' user: 'unauthenticated' host: 'localhost' (This connection closed normally without authentication)
2026-01-08 11:56:27 6 [Warning] Access denied for user 'root'@'localhost' (using password: YES)
2026-01-08 11:56:28 7 [Warning] Aborted connection 7 to db: 'unconnected' user: 'unauthenticated' host: 'bookstack.wiki_default' (This connection closed normally without authentication)
2026-01-14 10:29:05 0 [Note] /usr/bin/mariadbd (initiated by: unknown): Normal shutdown
2026-01-14 10:29:05 0 [Note] InnoDB: FTS optimize thread exiting.
2026-01-14 10:29:05 0 [Note] InnoDB: Starting shutdown...
2026-01-14 10:29:05 0 [Note] InnoDB: Dumping buffer pool(s) to /config/databases/ib_buffer_pool
2026-01-14 10:29:05 0 [Note] InnoDB: Buffer pool(s) dump completed at 260114 10:29:05
2026-01-14 10:29:06 0 [Note] InnoDB: Removed temporary tablespace data file: "./ibtmp1"
2026-01-14 10:29:06 0 [Note] InnoDB: Shutdown completed; log sequence number 7414298; transaction id 5063
2026-01-14 10:29:06 0 [Note] /usr/bin/mariadbd: Shutdown complete
260114 10:29:06 mysqld_safe mysqld from pid file /run/mysqld/mysqld.pid ended
260114 10:29:18 mysqld_safe Starting mariadbd daemon with databases from /config/databases
2026-01-14 10:29:18 0 [Note] Starting MariaDB 11.4.8-MariaDB-log source revision c4ed889b74ed95fa8b4eaf96610d4c1480b346a4 server_uid PMuA92M3ZrVhIE88PD8hqE1EzzY= as process 421
2026-01-14 10:29:18 0 [Note] InnoDB: Compressed tables use zlib 1.3.1
2026-01-14 10:29:18 0 [Note] InnoDB: Number of transaction pools: 1
2026-01-14 10:29:18 0 [Note] InnoDB: Using crc32 + pclmulqdq instructions
2026-01-14 10:29:18 0 [Note] InnoDB: Using Linux native AIO
2026-01-14 10:29:18 0 [Note] InnoDB: innodb_buffer_pool_size_max=256m, innodb_buffer_pool_size=256m
2026-01-14 10:29:18 0 [Note] InnoDB: Completed initialization of buffer pool
2026-01-14 10:29:18 0 [Note] InnoDB: File system buffers for log disabled (block size=512 bytes)
2026-01-14 10:29:18 0 [Note] InnoDB: End of log at LSN=7414298
2026-01-14 10:29:18 0 [Note] InnoDB: Opened 3 undo tablespaces
2026-01-14 10:29:18 0 [Note] InnoDB: 128 rollback segments in 3 undo tablespaces are active.
2026-01-14 10:29:18 0 [Note] InnoDB: Setting file './ibtmp1' size to 12.000MiB. Physically writing the file full; Please wait ...
2026-01-14 10:29:18 0 [Note] InnoDB: File './ibtmp1' size is now 12.000MiB.
2026-01-14 10:29:18 0 [Note] InnoDB: log sequence number 7414298; transaction id 5064
2026-01-14 10:29:18 0 [Note] Plugin 'FEEDBACK' is disabled.
2026-01-14 10:29:18 0 [Note] Plugin 'wsrep-provider' is disabled.
2026-01-14 10:29:18 0 [Note] InnoDB: Loading buffer pool(s) from /config/databases/ib_buffer_pool
2026-01-14 10:29:18 0 [Note] Binary log 'mariadb-bin.000001' is not purged because less than 'slave_connections_needed_for_purge' slaves have processed it
2026-01-14 10:29:18 0 [Note] InnoDB: Buffer pool(s) load completed at 260114 10:29:18
2026-01-14 10:29:20 0 [Note] Server socket created on IP: '0.0.0.0', port: '3306'.
2026-01-14 10:29:20 0 [Note] Server socket created on IP: '::', port: '3306'.
2026-01-14 10:29:20 0 [Note] mariadbd: Event Scheduler: Loaded 0 events
2026-01-14 10:29:20 0 [Note] /usr/bin/mariadbd: ready for connections.
Version: '11.4.8-MariaDB-log'  socket: '/run/mysqld/mysqld.sock'  port: 3306  Alpine Linux
2026-01-14 10:29:21 5 [Warning] Aborted connection 5 to db: 'unconnected' user: 'unauthenticated' host: 'localhost' (This connection closed normally without authentication)
2026-01-14 10:29:21 7 [Warning] Access denied for user 'root'@'localhost' (using password: YES)
2026-01-14 10:29:21 4 [Warning] Aborted connection 4 to db: 'unconnected' user: 'unauthenticated' host: 'bookstack.wiki_default' (This connection closed normally without authentication)
2026-01-14 10:34:14 14 [Warning] Aborted connection 14 to db: 'unconnected' user: 'unauthenticated' host: 'bookstack.wiki_default' (This connection closed normally without authentication)
2026-01-22 16:02:49 0 [Note] /usr/bin/mariadbd (initiated by: unknown): Normal shutdown
2026-01-22 16:02:49 0 [Note] InnoDB: FTS optimize thread exiting.
2026-01-22 16:02:49 0 [Note] InnoDB: Starting shutdown...
2026-01-22 16:02:49 0 [Note] InnoDB: Dumping buffer pool(s) to /config/databases/ib_buffer_pool
2026-01-22 16:02:49 0 [Note] InnoDB: Buffer pool(s) dump completed at 260122 16:02:49
2026-01-22 16:02:49 0 [Note] InnoDB: Removed temporary tablespace data file: "./ibtmp1"
2026-01-22 16:02:49 0 [Note] InnoDB: Shutdown completed; log sequence number 7414950; transaction id 5086
2026-01-22 16:02:49 0 [Note] /usr/bin/mariadbd: Shutdown complete
260122 16:02:49 mysqld_safe mysqld from pid file /run/mysqld/mysqld.pid ended
260122 16:03:01 mysqld_safe Starting mariadbd daemon with databases from /config/databases
2026-01-22 16:03:01 0 [Note] Starting MariaDB 11.4.8-MariaDB-log source revision c4ed889b74ed95fa8b4eaf96610d4c1480b346a4 server_uid aSF29ociNAJHAWk2tsyEyv8llwg= as process 421
2026-01-22 16:03:01 0 [Note] InnoDB: Compressed tables use zlib 1.3.1
2026-01-22 16:03:01 0 [Note] InnoDB: Number of transaction pools: 1
2026-01-22 16:03:01 0 [Note] InnoDB: Using crc32 + pclmulqdq instructions
2026-01-22 16:03:01 0 [Note] InnoDB: Using Linux native AIO
2026-01-22 16:03:01 0 [Note] InnoDB: innodb_buffer_pool_size_max=256m, innodb_buffer_pool_size=256m
2026-01-22 16:03:01 0 [Note] InnoDB: Completed initialization of buffer pool
2026-01-22 16:03:01 0 [Note] InnoDB: File system buffers for log disabled (block size=512 bytes)
2026-01-22 16:03:02 0 [Note] InnoDB: End of log at LSN=7414950
2026-01-22 16:03:02 0 [Note] InnoDB: Opened 3 undo tablespaces
2026-01-22 16:03:02 0 [Note] InnoDB: 128 rollback segments in 3 undo tablespaces are active.
2026-01-22 16:03:02 0 [Note] InnoDB: Setting file './ibtmp1' size to 12.000MiB. Physically writing the file full; Please wait ...
2026-01-22 16:03:02 0 [Note] InnoDB: File './ibtmp1' size is now 12.000MiB.
2026-01-22 16:03:02 0 [Note] InnoDB: log sequence number 7414950; transaction id 5087
2026-01-22 16:03:02 0 [Note] Plugin 'FEEDBACK' is disabled.
2026-01-22 16:03:02 0 [Note] Plugin 'wsrep-provider' is disabled.
2026-01-22 16:03:02 0 [Note] InnoDB: Loading buffer pool(s) from /config/databases/ib_buffer_pool
2026-01-22 16:03:02 0 [Note] Binary log 'mariadb-bin.000001' is not purged because less than 'slave_connections_needed_for_purge' slaves have processed it
2026-01-22 16:03:02 0 [Note] InnoDB: Buffer pool(s) load completed at 260122 16:03:02
2026-01-22 16:03:02 0 [Note] Server socket created on IP: '0.0.0.0', port: '3306'.
2026-01-22 16:03:02 0 [Note] Server socket created on IP: '::', port: '3306'.
2026-01-22 16:03:02 0 [Note] mariadbd: Event Scheduler: Loaded 0 events
2026-01-22 16:03:02 0 [Note] /usr/bin/mariadbd: ready for connections.
Version: '11.4.8-MariaDB-log'  socket: '/run/mysqld/mysqld.sock'  port: 3306  Alpine Linux
2026-01-22 16:03:03 5 [Warning] Aborted connection 5 to db: 'unconnected' user: 'unauthenticated' host: 'localhost' (This connection closed normally without authentication)
2026-01-22 16:03:03 7 [Warning] Access denied for user 'root'@'localhost' (using password: YES)
2026-01-22 16:03:04 4 [Warning] Aborted connection 4 to db: 'unconnected' user: 'unauthenticated' host: 'bookstack.wiki_default' (This connection closed normally without authentication)
260203 08:18:36 mysqld_safe Starting mariadbd daemon with databases from /config/databases
2026-02-03  8:18:36 0 [Note] Starting MariaDB 11.4.8-MariaDB-log source revision c4ed889b74ed95fa8b4eaf96610d4c1480b346a4 server_uid Nh8785cVjFb8U5ahDyhTtARqHPw= as process 422
2026-02-03  8:18:36 0 [Note] InnoDB: Compressed tables use zlib 1.3.1
2026-02-03  8:18:36 0 [Note] InnoDB: Number of transaction pools: 1
2026-02-03  8:18:36 0 [Note] InnoDB: Using crc32 + pclmulqdq instructions
2026-02-03  8:18:36 0 [Note] InnoDB: Using Linux native AIO
2026-02-03  8:18:36 0 [Note] InnoDB: innodb_buffer_pool_size_max=256m, innodb_buffer_pool_size=256m
2026-02-03  8:18:36 0 [Note] InnoDB: Completed initialization of buffer pool
2026-02-03  8:18:36 0 [Note] InnoDB: File system buffers for log disabled (block size=512 bytes)
2026-02-03  8:18:36 0 [Note] InnoDB: Starting crash recovery from checkpoint LSN=7414934
2026-02-03  8:18:36 0 [Note] InnoDB: End of log at LSN=7643936
2026-02-03  8:18:36 0 [Note] InnoDB: To recover: 126 pages
2026-02-03  8:18:36 0 [Note] InnoDB: Last binlog file '/config/log/mysql/mariadb-bin.000011', position 235435
2026-02-03  8:18:36 0 [Note] InnoDB: Opened 3 undo tablespaces
2026-02-03  8:18:36 0 [Note] InnoDB: 128 rollback segments in 3 undo tablespaces are active.
2026-02-03  8:18:36 0 [Note] InnoDB: Removed temporary tablespace data file: "./ibtmp1"
2026-02-03  8:18:36 0 [Note] InnoDB: Setting file './ibtmp1' size to 12.000MiB. Physically writing the file full; Please wait ...
2026-02-03  8:18:36 0 [Note] InnoDB: File './ibtmp1' size is now 12.000MiB.
2026-02-03  8:18:36 0 [Note] InnoDB: log sequence number 7643936; transaction id 5194
2026-02-03  8:18:36 0 [Note] Plugin 'FEEDBACK' is disabled.
2026-02-03  8:18:36 0 [Note] Plugin 'wsrep-provider' is disabled.
2026-02-03  8:18:36 0 [Note] InnoDB: Loading buffer pool(s) from /config/databases/ib_buffer_pool
2026-02-03  8:18:36 0 [Note] Recovering after a crash using /config/log/mysql/mariadb-bin
2026-02-03  8:18:36 0 [Note] Starting table crash recovery...
2026-02-03  8:18:36 0 [Note] Crash table recovery finished.
2026-02-03  8:18:36 0 [Note] Binary log 'mariadb-bin.000001' is not purged because less than 'slave_connections_needed_for_purge' slaves have processed it
2026-02-03  8:18:36 0 [Note] InnoDB: Buffer pool(s) load completed at 260203  8:18:36
2026-02-03  8:18:38 0 [Note] Server socket created on IP: '0.0.0.0', port: '3306'.
2026-02-03  8:18:38 0 [Note] Server socket created on IP: '::', port: '3306'.
2026-02-03  8:18:38 0 [Note] mariadbd: Event Scheduler: Loaded 0 events
2026-02-03  8:18:38 0 [Note] /usr/bin/mariadbd: ready for connections.
Version: '11.4.8-MariaDB-log'  socket: '/run/mysqld/mysqld.sock'  port: 3306  Alpine Linux
2026-02-03  8:18:39 4 [Warning] Aborted connection 4 to db: 'unconnected' user: 'unauthenticated' host: 'localhost' (This connection closed normally without authentication)
2026-02-03  8:18:39 6 [Warning] Access denied for user 'root'@'localhost' (using password: YES)
2026-02-03  8:18:40 7 [Warning] Aborted connection 7 to db: 'unconnected' user: 'unauthenticated' host: 'bookstack.wiki_default' (This connection closed normally without authentication)
2026-02-03 16:00:25 0 [Note] /usr/bin/mariadbd (initiated by: unknown): Normal shutdown
2026-02-03 16:00:25 0 [Note] InnoDB: FTS optimize thread exiting.
2026-02-03 16:00:25 0 [Note] InnoDB: Starting shutdown...
2026-02-03 16:00:25 0 [Note] InnoDB: Dumping buffer pool(s) to /config/databases/ib_buffer_pool
2026-02-03 16:00:25 0 [Note] InnoDB: Buffer pool(s) dump completed at 260203 16:00:25
2026-02-03 16:00:25 0 [Note] InnoDB: Removed temporary tablespace data file: "./ibtmp1"
2026-02-03 16:00:25 0 [Note] InnoDB: Shutdown completed; log sequence number 7645380; transaction id 5216
2026-02-03 16:00:25 0 [Note] /usr/bin/mariadbd: Shutdown complete
260203 16:00:25 mysqld_safe mysqld from pid file /run/mysqld/mysqld.pid ended
260203 16:00:37 mysqld_safe Starting mariadbd daemon with databases from /config/databases
2026-02-03 16:00:37 0 [Note] Starting MariaDB 11.4.8-MariaDB-log source revision c4ed889b74ed95fa8b4eaf96610d4c1480b346a4 server_uid Hwk29V21Jjo5H+o63v6vdCRmKCY= as process 421
2026-02-03 16:00:37 0 [Note] InnoDB: Compressed tables use zlib 1.3.1
2026-02-03 16:00:37 0 [Note] InnoDB: Number of transaction pools: 1
2026-02-03 16:00:37 0 [Note] InnoDB: Using crc32 + pclmulqdq instructions
2026-02-03 16:00:37 0 [Note] InnoDB: Using Linux native AIO
2026-02-03 16:00:37 0 [Note] InnoDB: innodb_buffer_pool_size_max=256m, innodb_buffer_pool_size=256m
2026-02-03 16:00:37 0 [Note] InnoDB: Completed initialization of buffer pool
2026-02-03 16:00:37 0 [Note] InnoDB: File system buffers for log disabled (block size=512 bytes)
2026-02-03 16:00:37 0 [Note] InnoDB: End of log at LSN=7645380
2026-02-03 16:00:37 0 [Note] InnoDB: Opened 3 undo tablespaces
2026-02-03 16:00:37 0 [Note] InnoDB: 128 rollback segments in 3 undo tablespaces are active.
2026-02-03 16:00:37 0 [Note] InnoDB: Setting file './ibtmp1' size to 12.000MiB. Physically writing the file full; Please wait ...
2026-02-03 16:00:37 0 [Note] InnoDB: File './ibtmp1' size is now 12.000MiB.
2026-02-03 16:00:37 0 [Note] InnoDB: log sequence number 7645380; transaction id 5217
2026-02-03 16:00:37 0 [Note] InnoDB: Loading buffer pool(s) from /config/databases/ib_buffer_pool
2026-02-03 16:00:37 0 [Note] Plugin 'FEEDBACK' is disabled.
2026-02-03 16:00:37 0 [Note] Plugin 'wsrep-provider' is disabled.
2026-02-03 16:00:37 0 [Note] Binary log 'mariadb-bin.000001' is not purged because less than 'slave_connections_needed_for_purge' slaves have processed it
2026-02-03 16:00:37 0 [Note] InnoDB: Buffer pool(s) load completed at 260203 16:00:37
2026-02-03 16:00:39 0 [Note] Server socket created on IP: '0.0.0.0', port: '3306'.
2026-02-03 16:00:39 0 [Note] Server socket created on IP: '::', port: '3306'.
2026-02-03 16:00:39 0 [Note] mariadbd: Event Scheduler: Loaded 0 events
2026-02-03 16:00:39 0 [Note] /usr/bin/mariadbd: ready for connections.
Version: '11.4.8-MariaDB-log'  socket: '/run/mysqld/mysqld.sock'  port: 3306  Alpine Linux
2026-02-03 16:00:39 5 [Warning] Aborted connection 5 to db: 'unconnected' user: 'unauthenticated' host: 'localhost' (This connection closed normally without authentication)
2026-02-03 16:00:39 7 [Warning] Access denied for user 'root'@'localhost' (using password: YES)
2026-02-03 16:00:40 4 [Warning] Aborted connection 4 to db: 'unconnected' user: 'unauthenticated' host: 'bookstack.wiki_default' (This connection closed normally without authentication)
2026-02-06 11:42:13 0 [Note] /usr/bin/mariadbd (initiated by: unknown): Normal shutdown
2026-02-06 11:42:13 0 [Note] InnoDB: FTS optimize thread exiting.
2026-02-06 11:42:13 0 [Note] InnoDB: Starting shutdown...
2026-02-06 11:42:13 0 [Note] InnoDB: Dumping buffer pool(s) to /config/databases/ib_buffer_pool
2026-02-06 11:42:13 0 [Note] InnoDB: Buffer pool(s) dump completed at 260206 11:42:13
2026-02-06 11:42:14 0 [Note] InnoDB: Removed temporary tablespace data file: "./ibtmp1"
2026-02-06 11:42:14 0 [Note] InnoDB: Shutdown completed; log sequence number 8039604; transaction id 5452
2026-02-06 11:42:14 0 [Note] /usr/bin/mariadbd: Shutdown complete
260206 11:42:14 mysqld_safe mysqld from pid file /run/mysqld/mysqld.pid ended
260206 11:42:22 mysqld_safe Starting mariadbd daemon with databases from /config/databases
2026-02-06 11:42:22 0 [Note] Starting MariaDB 11.4.8-MariaDB-log source revision c4ed889b74ed95fa8b4eaf96610d4c1480b346a4 server_uid AEYyWKOztVWJSDPnKMW5YZmUK5o= as process 424
2026-02-06 11:42:22 0 [Note] InnoDB: Compressed tables use zlib 1.3.1
2026-02-06 11:42:22 0 [Note] InnoDB: Number of transaction pools: 1
2026-02-06 11:42:22 0 [Note] InnoDB: Using crc32 + pclmulqdq instructions
2026-02-06 11:42:22 0 [Note] InnoDB: Using Linux native AIO
2026-02-06 11:42:22 0 [Note] InnoDB: innodb_buffer_pool_size_max=256m, innodb_buffer_pool_size=256m
2026-02-06 11:42:22 0 [Note] InnoDB: Completed initialization of buffer pool
2026-02-06 11:42:22 0 [Note] InnoDB: File system buffers for log disabled (block size=512 bytes)
2026-02-06 11:42:22 0 [Note] InnoDB: End of log at LSN=8039604
2026-02-06 11:42:22 0 [Note] InnoDB: Opened 3 undo tablespaces
2026-02-06 11:42:22 0 [Note] InnoDB: 128 rollback segments in 3 undo tablespaces are active.
2026-02-06 11:42:22 0 [Note] InnoDB: Setting file './ibtmp1' size to 12.000MiB. Physically writing the file full; Please wait ...
2026-02-06 11:42:22 0 [Note] InnoDB: File './ibtmp1' size is now 12.000MiB.
2026-02-06 11:42:22 0 [Note] InnoDB: log sequence number 8039604; transaction id 5453
2026-02-06 11:42:22 0 [Note] Plugin 'FEEDBACK' is disabled.
2026-02-06 11:42:22 0 [Note] InnoDB: Loading buffer pool(s) from /config/databases/ib_buffer_pool
2026-02-06 11:42:22 0 [Note] Plugin 'wsrep-provider' is disabled.
2026-02-06 11:42:22 0 [Note] Binary log 'mariadb-bin.000001' is not purged because less than 'slave_connections_needed_for_purge' slaves have processed it
2026-02-06 11:42:22 0 [Note] InnoDB: Buffer pool(s) load completed at 260206 11:42:22
2026-02-06 11:42:24 0 [Note] Server socket created on IP: '0.0.0.0', port: '3306'.
2026-02-06 11:42:24 0 [Note] Server socket created on IP: '::', port: '3306'.
2026-02-06 11:42:24 0 [Note] mariadbd: Event Scheduler: Loaded 0 events
2026-02-06 11:42:24 0 [Note] /usr/bin/mariadbd: ready for connections.
Version: '11.4.8-MariaDB-log'  socket: '/run/mysqld/mysqld.sock'  port: 3306  Alpine Linux
2026-02-06 11:42:25 5 [Warning] Aborted connection 5 to db: 'unconnected' user: 'unauthenticated' host: 'localhost' (This connection closed normally without authentication)
2026-02-06 11:42:25 7 [Warning] Access denied for user 'root'@'localhost' (using password: YES)
2026-02-06 11:42:25 4 [Warning] Aborted connection 4 to db: 'unconnected' user: 'unauthenticated' host: 'bookstack.wiki_default' (This connection closed normally without authentication)
2026-02-06 11:44:14 0 [Note] /usr/bin/mariadbd (initiated by: unknown): Normal shutdown
2026-02-06 11:44:14 0 [Note] InnoDB: FTS optimize thread exiting.
2026-02-06 11:44:14 0 [Note] InnoDB: Starting shutdown...
2026-02-06 11:44:14 0 [Note] InnoDB: Dumping buffer pool(s) to /config/databases/ib_buffer_pool
2026-02-06 11:44:14 0 [Note] InnoDB: Buffer pool(s) dump completed at 260206 11:44:14
2026-02-06 11:44:14 0 [Note] InnoDB: Removed temporary tablespace data file: "./ibtmp1"
2026-02-06 11:44:14 0 [Note] InnoDB: Shutdown completed; log sequence number 8039604; transaction id 5468
2026-02-06 11:44:14 0 [Note] /usr/bin/mariadbd: Shutdown complete
260206 11:44:14 mysqld_safe mysqld from pid file /run/mysqld/mysqld.pid ended
260206 11:44:46 mysqld_safe Starting mariadbd daemon with databases from /config/databases
2026-02-06 11:44:46 0 [Note] Starting MariaDB 11.4.8-MariaDB-log source revision c4ed889b74ed95fa8b4eaf96610d4c1480b346a4 server_uid dbtNsBN5nvbFyvAat83pHsVrjVc= as process 421
2026-02-06 11:44:46 0 [Note] InnoDB: Compressed tables use zlib 1.3.1
2026-02-06 11:44:46 0 [Note] InnoDB: Number of transaction pools: 1
2026-02-06 11:44:46 0 [Note] InnoDB: Using crc32 + pclmulqdq instructions
2026-02-06 11:44:46 0 [Note] InnoDB: Using Linux native AIO
2026-02-06 11:44:46 0 [Note] InnoDB: innodb_buffer_pool_size_max=256m, innodb_buffer_pool_size=256m
2026-02-06 11:44:46 0 [Note] InnoDB: Completed initialization of buffer pool
2026-02-06 11:44:46 0 [Note] InnoDB: File system buffers for log disabled (block size=512 bytes)
2026-02-06 11:44:46 0 [Note] InnoDB: End of log at LSN=8039604
2026-02-06 11:44:47 0 [Note] InnoDB: Opened 3 undo tablespaces
2026-02-06 11:44:47 0 [Note] InnoDB: 128 rollback segments in 3 undo tablespaces are active.
2026-02-06 11:44:47 0 [Note] InnoDB: Setting file './ibtmp1' size to 12.000MiB. Physically writing the file full; Please wait ...
2026-02-06 11:44:47 0 [Note] InnoDB: File './ibtmp1' size is now 12.000MiB.
2026-02-06 11:44:47 0 [Note] InnoDB: log sequence number 8039604; transaction id 5453
2026-02-06 11:44:47 0 [Note] InnoDB: Loading buffer pool(s) from /config/databases/ib_buffer_pool
2026-02-06 11:44:47 0 [Note] Plugin 'FEEDBACK' is disabled.
2026-02-06 11:44:47 0 [Note] Plugin 'wsrep-provider' is disabled.
2026-02-06 11:44:47 0 [Note] Binary log 'mariadb-bin.000001' is not purged because less than 'slave_connections_needed_for_purge' slaves have processed it
2026-02-06 11:44:47 0 [Note] InnoDB: Buffer pool(s) load completed at 260206 11:44:47
2026-02-06 11:44:49 0 [Note] Server socket created on IP: '0.0.0.0', port: '3306'.
2026-02-06 11:44:49 0 [Note] Server socket created on IP: '::', port: '3306'.
2026-02-06 11:44:49 0 [Note] mariadbd: Event Scheduler: Loaded 0 events
2026-02-06 11:44:49 0 [Note] /usr/bin/mariadbd: ready for connections.
Version: '11.4.8-MariaDB-log'  socket: '/run/mysqld/mysqld.sock'  port: 3306  Alpine Linux
2026-02-06 11:44:50 4 [Warning] Aborted connection 4 to db: 'unconnected' user: 'unauthenticated' host: 'localhost' (This connection closed normally without authentication)
2026-02-06 11:44:50 6 [Warning] Access denied for user 'root'@'localhost' (using password: YES)
2026-02-06 11:44:51 7 [Warning] Aborted connection 7 to db: 'unconnected' user: 'unauthenticated' host: 'bookstack.wiki_default' (This connection closed normally without authentication)
2026-02-10 11:30:48 626 [Warning] Aborted connection 626 to db: 'unconnected' user: 'unauthenticated' host: 'bookstack.wiki_default' (This connection closed normally without authentication)
2026-02-11 11:21:20 0 [Note] /usr/bin/mariadbd (initiated by: unknown): Normal shutdown
2026-02-11 11:21:20 0 [Note] InnoDB: FTS optimize thread exiting.
2026-02-11 11:21:20 0 [Note] InnoDB: Starting shutdown...
2026-02-11 11:21:20 0 [Note] InnoDB: Dumping buffer pool(s) to /config/databases/ib_buffer_pool
2026-02-11 11:21:20 0 [Note] InnoDB: Buffer pool(s) dump completed at 260211 11:21:20
2026-02-11 11:21:20 0 [Note] InnoDB: Removed temporary tablespace data file: "./ibtmp1"
2026-02-11 11:21:20 0 [Note] InnoDB: Shutdown completed; log sequence number 8185878; transaction id 5542
2026-02-11 11:21:20 0 [Note] /usr/bin/mariadbd: Shutdown complete
260211 11:21:20 mysqld_safe mysqld from pid file /run/mysqld/mysqld.pid ended
260211 12:16:44 mysqld_safe Starting mariadbd daemon with databases from /config/databases
2026-02-11 12:16:44 0 [Note] Starting MariaDB 11.4.8-MariaDB-log source revision c4ed889b74ed95fa8b4eaf96610d4c1480b346a4 server_uid MOLXHBqoVFfK0fqC1+of+Ia7rag= as process 424
2026-02-11 12:16:44 0 [Note] InnoDB: Compressed tables use zlib 1.3.1
2026-02-11 12:16:44 0 [Note] InnoDB: Number of transaction pools: 1
2026-02-11 12:16:44 0 [Note] InnoDB: Using crc32 + pclmulqdq instructions
2026-02-11 12:16:44 0 [Note] InnoDB: Using Linux native AIO
2026-02-11 12:16:44 0 [Note] InnoDB: innodb_buffer_pool_size_max=256m, innodb_buffer_pool_size=256m
2026-02-11 12:16:44 0 [Note] InnoDB: Completed initialization of buffer pool
2026-02-11 12:16:44 0 [Note] InnoDB: File system buffers for log disabled (block size=512 bytes)
2026-02-11 12:16:45 0 [Note] InnoDB: End of log at LSN=8185878
2026-02-11 12:16:45 0 [Note] InnoDB: Opened 3 undo tablespaces
2026-02-11 12:16:45 0 [Note] InnoDB: 128 rollback segments in 3 undo tablespaces are active.
2026-02-11 12:16:45 0 [Note] InnoDB: Setting file './ibtmp1' size to 12.000MiB. Physically writing the file full; Please wait ...
2026-02-11 12:16:45 0 [Note] InnoDB: File './ibtmp1' size is now 12.000MiB.
2026-02-11 12:16:45 0 [Note] InnoDB: log sequence number 8185878; transaction id 5543
2026-02-11 12:16:45 0 [Note] Plugin 'FEEDBACK' is disabled.
2026-02-11 12:16:45 0 [Note] Plugin 'wsrep-provider' is disabled.
2026-02-11 12:16:45 0 [Note] InnoDB: Loading buffer pool(s) from /config/databases/ib_buffer_pool
2026-02-11 12:16:45 0 [Note] Binary log 'mariadb-bin.000001' is not purged because less than 'slave_connections_needed_for_purge' slaves have processed it
2026-02-11 12:16:45 0 [Note] InnoDB: Buffer pool(s) load completed at 260211 12:16:45
2026-02-11 12:16:46 0 [Note] Server socket created on IP: '0.0.0.0', port: '3306'.
2026-02-11 12:16:46 0 [Note] Server socket created on IP: '::', port: '3306'.
2026-02-11 12:16:46 0 [Note] mariadbd: Event Scheduler: Loaded 0 events
2026-02-11 12:16:46 0 [Note] /usr/bin/mariadbd: ready for connections.
Version: '11.4.8-MariaDB-log'  socket: '/run/mysqld/mysqld.sock'  port: 3306  Alpine Linux
2026-02-11 12:16:46 5 [Warning] Aborted connection 5 to db: 'unconnected' user: 'unauthenticated' host: 'localhost' (This connection closed normally without authentication)
2026-02-11 12:16:46 7 [Warning] Access denied for user 'root'@'localhost' (using password: YES)
2026-02-11 12:16:47 4 [Warning] Aborted connection 4 to db: 'unconnected' user: 'unauthenticated' host: 'bookstack.docker_bookstack_db_net' (This connection closed normally without authentication)
2026-02-11 13:16:09 0 [Note] /usr/bin/mariadbd (initiated by: unknown): Normal shutdown
2026-02-11 13:16:09 0 [Note] InnoDB: FTS optimize thread exiting.
2026-02-11 13:16:09 0 [Note] InnoDB: Starting shutdown...
2026-02-11 13:16:09 0 [Note] InnoDB: Dumping buffer pool(s) to /config/databases/ib_buffer_pool
2026-02-11 13:16:09 0 [Note] InnoDB: Buffer pool(s) dump completed at 260211 13:16:09
2026-02-11 13:16:09 0 [Note] InnoDB: Removed temporary tablespace data file: "./ibtmp1"
2026-02-11 13:16:09 0 [Note] InnoDB: Shutdown completed; log sequence number 8185878; transaction id 5565
2026-02-11 13:16:09 0 [Note] /usr/bin/mariadbd: Shutdown complete
260211 13:16:09 mysqld_safe mysqld from pid file /run/mysqld/mysqld.pid ended
260211 13:17:04 mysqld_safe Starting mariadbd daemon with databases from /config/databases
2026-02-11 13:17:04 0 [Note] Starting MariaDB 11.4.8-MariaDB-log source revision c4ed889b74ed95fa8b4eaf96610d4c1480b346a4 server_uid /OkyVNENaYo2A4b/HR7bKIraMAo= as process 424
2026-02-11 13:17:04 0 [Note] InnoDB: Compressed tables use zlib 1.3.1
2026-02-11 13:17:04 0 [Note] InnoDB: Number of transaction pools: 1
2026-02-11 13:17:04 0 [Note] InnoDB: Using crc32 + pclmulqdq instructions
2026-02-11 13:17:04 0 [Note] InnoDB: Using Linux native AIO
2026-02-11 13:17:04 0 [Note] InnoDB: innodb_buffer_pool_size_max=256m, innodb_buffer_pool_size=256m
2026-02-11 13:17:04 0 [Note] InnoDB: Completed initialization of buffer pool
2026-02-11 13:17:04 0 [Note] InnoDB: File system buffers for log disabled (block size=512 bytes)
2026-02-11 13:17:04 0 [Note] InnoDB: End of log at LSN=8185878
2026-02-11 13:17:04 0 [Note] InnoDB: Opened 3 undo tablespaces
2026-02-11 13:17:04 0 [Note] InnoDB: 128 rollback segments in 3 undo tablespaces are active.
2026-02-11 13:17:04 0 [Note] InnoDB: Setting file './ibtmp1' size to 12.000MiB. Physically writing the file full; Please wait ...
2026-02-11 13:17:04 0 [Note] InnoDB: File './ibtmp1' size is now 12.000MiB.
2026-02-11 13:17:04 0 [Note] InnoDB: log sequence number 8185878; transaction id 5543
2026-02-11 13:17:04 0 [Note] Plugin 'FEEDBACK' is disabled.
2026-02-11 13:17:04 0 [Note] InnoDB: Loading buffer pool(s) from /config/databases/ib_buffer_pool
2026-02-11 13:17:04 0 [Note] Plugin 'wsrep-provider' is disabled.
2026-02-11 13:17:04 0 [Note] Binary log 'mariadb-bin.000001' is not purged because less than 'slave_connections_needed_for_purge' slaves have processed it
2026-02-11 13:17:04 0 [Note] InnoDB: Buffer pool(s) load completed at 260211 13:17:04
2026-02-11 13:17:06 0 [Note] Server socket created on IP: '0.0.0.0', port: '3306'.
2026-02-11 13:17:06 0 [Note] Server socket created on IP: '::', port: '3306'.
2026-02-11 13:17:06 0 [Note] mariadbd: Event Scheduler: Loaded 0 events
2026-02-11 13:17:06 0 [Note] /usr/bin/mariadbd: ready for connections.
Version: '11.4.8-MariaDB-log'  socket: '/run/mysqld/mysqld.sock'  port: 3306  Alpine Linux
2026-02-11 13:17:06 4 [Warning] Aborted connection 4 to db: 'unconnected' user: 'unauthenticated' host: 'localhost' (This connection closed normally without authentication)
2026-02-11 13:17:06 6 [Warning] Access denied for user 'root'@'localhost' (using password: YES)
2026-02-11 13:17:08 7 [Warning] Aborted connection 7 to db: 'unconnected' user: 'unauthenticated' host: 'bookstack.docker_bookstack_db_net' (This connection closed normally without authentication)
2026-02-11 13:23:41 11 [Warning] Aborted connection 11 to db: 'unconnected' user: 'unauthenticated' host: 'bookstack.docker_bookstack_db_net' (This connection closed normally without authentication)
2026-02-11 13:32:28 0 [Note] /usr/bin/mariadbd (initiated by: unknown): Normal shutdown
2026-02-11 13:32:28 0 [Note] InnoDB: FTS optimize thread exiting.
2026-02-11 13:32:28 0 [Note] InnoDB: Starting shutdown...
2026-02-11 13:32:28 0 [Note] InnoDB: Dumping buffer pool(s) to /config/databases/ib_buffer_pool
2026-02-11 13:32:28 0 [Note] InnoDB: Buffer pool(s) dump completed at 260211 13:32:28
2026-02-11 13:32:28 0 [Note] InnoDB: Removed temporary tablespace data file: "./ibtmp1"
2026-02-11 13:32:28 0 [Note] InnoDB: Shutdown completed; log sequence number 8194468; transaction id 5597
2026-02-11 13:32:28 0 [Note] /usr/bin/mariadbd: Shutdown complete
260211 13:32:28 mysqld_safe mysqld from pid file /run/mysqld/mysqld.pid ended
260211 13:32:38 mysqld_safe Starting mariadbd daemon with databases from /config/databases
2026-02-11 13:32:38 0 [Note] Starting MariaDB 11.4.8-MariaDB-log source revision c4ed889b74ed95fa8b4eaf96610d4c1480b346a4 server_uid L32RcfDct8Gx6AQ24sV6cMXxSac= as process 423
2026-02-11 13:32:38 0 [Note] InnoDB: Compressed tables use zlib 1.3.1
2026-02-11 13:32:38 0 [Note] InnoDB: Number of transaction pools: 1
2026-02-11 13:32:38 0 [Note] InnoDB: Using crc32 + pclmulqdq instructions
2026-02-11 13:32:38 0 [Note] InnoDB: Using Linux native AIO
2026-02-11 13:32:38 0 [Note] InnoDB: innodb_buffer_pool_size_max=256m, innodb_buffer_pool_size=256m
2026-02-11 13:32:38 0 [Note] InnoDB: Completed initialization of buffer pool
2026-02-11 13:32:38 0 [Note] InnoDB: File system buffers for log disabled (block size=512 bytes)
2026-02-11 13:32:38 0 [Note] InnoDB: End of log at LSN=8194468
2026-02-11 13:32:39 0 [Note] InnoDB: Opened 3 undo tablespaces
2026-02-11 13:32:39 0 [Note] InnoDB: 128 rollback segments in 3 undo tablespaces are active.
2026-02-11 13:32:39 0 [Note] InnoDB: Setting file './ibtmp1' size to 12.000MiB. Physically writing the file full; Please wait ...
2026-02-11 13:32:39 0 [Note] InnoDB: File './ibtmp1' size is now 12.000MiB.
2026-02-11 13:32:39 0 [Note] InnoDB: log sequence number 8194468; transaction id 5598
2026-02-11 13:32:39 0 [Note] Plugin 'FEEDBACK' is disabled.
2026-02-11 13:32:39 0 [Note] InnoDB: Loading buffer pool(s) from /config/databases/ib_buffer_pool
2026-02-11 13:32:39 0 [Note] Plugin 'wsrep-provider' is disabled.
2026-02-11 13:32:39 0 [Note] Binary log 'mariadb-bin.000001' is not purged because less than 'slave_connections_needed_for_purge' slaves have processed it
2026-02-11 13:32:39 0 [Note] InnoDB: Buffer pool(s) load completed at 260211 13:32:39
2026-02-11 13:32:40 0 [Note] Server socket created on IP: '0.0.0.0', port: '3306'.
2026-02-11 13:32:40 0 [Note] Server socket created on IP: '::', port: '3306'.
2026-02-11 13:32:40 0 [Note] mariadbd: Event Scheduler: Loaded 0 events
2026-02-11 13:32:40 0 [Note] /usr/bin/mariadbd: ready for connections.
Version: '11.4.8-MariaDB-log'  socket: '/run/mysqld/mysqld.sock'  port: 3306  Alpine Linux
2026-02-11 13:32:40 5 [Warning] Aborted connection 5 to db: 'unconnected' user: 'unauthenticated' host: 'localhost' (This connection closed normally without authentication)
2026-02-11 13:32:40 7 [Warning] Access denied for user 'root'@'localhost' (using password: YES)
2026-02-11 13:32:41 4 [Warning] Aborted connection 4 to db: 'unconnected' user: 'unauthenticated' host: 'bookstack.docker_bookstack_db_net' (This connection closed normally without authentication)
2026-02-11 13:36:23 0 [Note] /usr/bin/mariadbd (initiated by: unknown): Normal shutdown
2026-02-11 13:36:23 0 [Note] InnoDB: FTS optimize thread exiting.
2026-02-11 13:36:23 0 [Note] InnoDB: Starting shutdown...
2026-02-11 13:36:23 0 [Note] InnoDB: Dumping buffer pool(s) to /config/databases/ib_buffer_pool
2026-02-11 13:36:23 0 [Note] InnoDB: Buffer pool(s) dump completed at 260211 13:36:23
2026-02-11 13:36:23 0 [Note] InnoDB: Removed temporary tablespace data file: "./ibtmp1"
2026-02-11 13:36:23 0 [Note] InnoDB: Shutdown completed; log sequence number 8194468; transaction id 5600
2026-02-11 13:36:23 0 [Note] /usr/bin/mariadbd: Shutdown complete
260211 13:36:23 mysqld_safe mysqld from pid file /run/mysqld/mysqld.pid ended
260211 13:36:35 mysqld_safe Starting mariadbd daemon with databases from /config/databases
2026-02-11 13:36:35 0 [Note] Starting MariaDB 11.4.8-MariaDB-log source revision c4ed889b74ed95fa8b4eaf96610d4c1480b346a4 server_uid 3LGeKIXn7rPLaGbxy9uGTFoaXDQ= as process 424
2026-02-11 13:36:35 0 [Note] InnoDB: Compressed tables use zlib 1.3.1
2026-02-11 13:36:35 0 [Note] InnoDB: Number of transaction pools: 1
2026-02-11 13:36:35 0 [Note] InnoDB: Using crc32 + pclmulqdq instructions
2026-02-11 13:36:35 0 [Note] InnoDB: Using Linux native AIO
2026-02-11 13:36:35 0 [Note] InnoDB: innodb_buffer_pool_size_max=256m, innodb_buffer_pool_size=256m
2026-02-11 13:36:35 0 [Note] InnoDB: Completed initialization of buffer pool
2026-02-11 13:36:35 0 [Note] InnoDB: File system buffers for log disabled (block size=512 bytes)
2026-02-11 13:36:35 0 [Note] InnoDB: End of log at LSN=8194468
2026-02-11 13:36:35 0 [Note] InnoDB: Opened 3 undo tablespaces
2026-02-11 13:36:35 0 [Note] InnoDB: 128 rollback segments in 3 undo tablespaces are active.
2026-02-11 13:36:35 0 [Note] InnoDB: Setting file './ibtmp1' size to 12.000MiB. Physically writing the file full; Please wait ...
2026-02-11 13:36:35 0 [Note] InnoDB: File './ibtmp1' size is now 12.000MiB.
2026-02-11 13:36:35 0 [Note] InnoDB: log sequence number 8194468; transaction id 5598
2026-02-11 13:36:35 0 [Note] InnoDB: Loading buffer pool(s) from /config/databases/ib_buffer_pool
2026-02-11 13:36:35 0 [Note] Plugin 'FEEDBACK' is disabled.
2026-02-11 13:36:35 0 [Note] Plugin 'wsrep-provider' is disabled.
2026-02-11 13:36:35 0 [Note] Binary log 'mariadb-bin.000001' is not purged because less than 'slave_connections_needed_for_purge' slaves have processed it
2026-02-11 13:36:36 0 [Note] InnoDB: Buffer pool(s) load completed at 260211 13:36:36
2026-02-11 13:36:36 0 [Note] Server socket created on IP: '0.0.0.0', port: '3306'.
2026-02-11 13:36:36 0 [Note] Server socket created on IP: '::', port: '3306'.
2026-02-11 13:36:36 0 [Note] mariadbd: Event Scheduler: Loaded 0 events
2026-02-11 13:36:36 0 [Note] /usr/bin/mariadbd: ready for connections.
Version: '11.4.8-MariaDB-log'  socket: '/run/mysqld/mysqld.sock'  port: 3306  Alpine Linux
2026-02-11 13:36:37 5 [Warning] Aborted connection 5 to db: 'unconnected' user: 'unauthenticated' host: 'localhost' (This connection closed normally without authentication)
2026-02-11 13:36:37 7 [Warning] Access denied for user 'root'@'localhost' (using password: YES)
2026-02-11 13:36:38 4 [Warning] Aborted connection 4 to db: 'unconnected' user: 'unauthenticated' host: 'bookstack.docker_bookstack_db_net' (This connection closed normally without authentication)
2026-02-11 13:45:27 0 [Note] /usr/bin/mariadbd (initiated by: unknown): Normal shutdown
2026-02-11 13:45:27 0 [Note] InnoDB: FTS optimize thread exiting.
2026-02-11 13:45:27 0 [Note] InnoDB: Starting shutdown...
2026-02-11 13:45:27 0 [Note] InnoDB: Dumping buffer pool(s) to /config/databases/ib_buffer_pool
2026-02-11 13:45:27 0 [Note] InnoDB: Buffer pool(s) dump completed at 260211 13:45:27
2026-02-11 13:45:27 0 [Note] InnoDB: Removed temporary tablespace data file: "./ibtmp1"
2026-02-11 13:45:27 0 [Note] InnoDB: Shutdown completed; log sequence number 8194468; transaction id 5615
2026-02-11 13:45:27 0 [Note] /usr/bin/mariadbd: Shutdown complete
260211 13:45:27 mysqld_safe mysqld from pid file /run/mysqld/mysqld.pid ended
260211 13:45:35 mysqld_safe Starting mariadbd daemon with databases from /config/databases
2026-02-11 13:45:35 0 [Note] Starting MariaDB 11.4.8-MariaDB-log source revision c4ed889b74ed95fa8b4eaf96610d4c1480b346a4 server_uid 8JZHegqG0NpFPvTqUBsY4VUM/X4= as process 423
2026-02-11 13:45:35 0 [Note] InnoDB: Compressed tables use zlib 1.3.1
2026-02-11 13:45:35 0 [Note] InnoDB: Number of transaction pools: 1
2026-02-11 13:45:35 0 [Note] InnoDB: Using crc32 + pclmulqdq instructions
2026-02-11 13:45:35 0 [Note] InnoDB: Using Linux native AIO
2026-02-11 13:45:35 0 [Note] InnoDB: innodb_buffer_pool_size_max=256m, innodb_buffer_pool_size=256m
2026-02-11 13:45:35 0 [Note] InnoDB: Completed initialization of buffer pool
2026-02-11 13:45:35 0 [Note] InnoDB: File system buffers for log disabled (block size=512 bytes)
2026-02-11 13:45:35 0 [Note] InnoDB: End of log at LSN=8194468
2026-02-11 13:45:35 0 [Note] InnoDB: Opened 3 undo tablespaces
2026-02-11 13:45:35 0 [Note] InnoDB: 128 rollback segments in 3 undo tablespaces are active.
2026-02-11 13:45:35 0 [Note] InnoDB: Setting file './ibtmp1' size to 12.000MiB. Physically writing the file full; Please wait ...
2026-02-11 13:45:35 0 [Note] InnoDB: File './ibtmp1' size is now 12.000MiB.
2026-02-11 13:45:35 0 [Note] InnoDB: log sequence number 8194468; transaction id 5598
2026-02-11 13:45:35 0 [Note] Plugin 'FEEDBACK' is disabled.
2026-02-11 13:45:35 0 [Note] Plugin 'wsrep-provider' is disabled.
2026-02-11 13:45:35 0 [Note] InnoDB: Loading buffer pool(s) from /config/databases/ib_buffer_pool
2026-02-11 13:45:35 0 [Note] Binary log 'mariadb-bin.000001' is not purged because less than 'slave_connections_needed_for_purge' slaves have processed it
2026-02-11 13:45:35 0 [Note] InnoDB: Buffer pool(s) load completed at 260211 13:45:35
2026-02-11 13:45:36 0 [Note] Server socket created on IP: '0.0.0.0', port: '3306'.
2026-02-11 13:45:36 0 [Note] Server socket created on IP: '::', port: '3306'.
2026-02-11 13:45:36 0 [Note] mariadbd: Event Scheduler: Loaded 0 events
2026-02-11 13:45:36 0 [Note] /usr/bin/mariadbd: ready for connections.
Version: '11.4.8-MariaDB-log'  socket: '/run/mysqld/mysqld.sock'  port: 3306  Alpine Linux
2026-02-11 13:45:36 4 [Warning] Aborted connection 4 to db: 'unconnected' user: 'unauthenticated' host: 'localhost' (This connection closed normally without authentication)
2026-02-11 13:45:36 6 [Warning] Access denied for user 'root'@'localhost' (using password: YES)
2026-02-11 13:45:37 7 [Warning] Aborted connection 7 to db: 'unconnected' user: 'unauthenticated' host: 'bookstack.docker_bookstack_db_net' (This connection closed normally without authentication)
2026-02-11 14:04:37 0 [Note] /usr/bin/mariadbd (initiated by: unknown): Normal shutdown
2026-02-11 14:04:37 0 [Note] InnoDB: FTS optimize thread exiting.
2026-02-11 14:04:37 0 [Note] InnoDB: Starting shutdown...
2026-02-11 14:04:37 0 [Note] InnoDB: Dumping buffer pool(s) to /config/databases/ib_buffer_pool
2026-02-11 14:04:37 0 [Note] InnoDB: Buffer pool(s) dump completed at 260211 14:04:37
2026-02-11 14:04:37 0 [Note] InnoDB: Removed temporary tablespace data file: "./ibtmp1"
2026-02-11 14:04:37 0 [Note] InnoDB: Shutdown completed; log sequence number 8194468; transaction id 5600
2026-02-11 14:04:37 0 [Note] /usr/bin/mariadbd: Shutdown complete
260211 14:04:37 mysqld_safe mysqld from pid file /run/mysqld/mysqld.pid ended
260211 14:05:10 mysqld_safe Starting mariadbd daemon with databases from /config/databases
2026-02-11 14:05:10 0 [Note] Starting MariaDB 11.4.8-MariaDB-log source revision c4ed889b74ed95fa8b4eaf96610d4c1480b346a4 server_uid vumlxAMyyaJT+qVAnyCc0Z3ZIv8= as process 421
2026-02-11 14:05:10 0 [Note] InnoDB: Compressed tables use zlib 1.3.1
2026-02-11 14:05:10 0 [Note] InnoDB: Number of transaction pools: 1
2026-02-11 14:05:10 0 [Note] InnoDB: Using crc32 + pclmulqdq instructions
2026-02-11 14:05:10 0 [Note] InnoDB: Using Linux native AIO
2026-02-11 14:05:10 0 [Note] InnoDB: innodb_buffer_pool_size_max=256m, innodb_buffer_pool_size=256m
2026-02-11 14:05:10 0 [Note] InnoDB: Completed initialization of buffer pool
2026-02-11 14:05:10 0 [Note] InnoDB: File system buffers for log disabled (block size=512 bytes)
2026-02-11 14:05:10 0 [Note] InnoDB: End of log at LSN=8194468
2026-02-11 14:05:10 0 [Note] InnoDB: Opened 3 undo tablespaces
2026-02-11 14:05:10 0 [Note] InnoDB: 128 rollback segments in 3 undo tablespaces are active.
2026-02-11 14:05:10 0 [Note] InnoDB: Setting file './ibtmp1' size to 12.000MiB. Physically writing the file full; Please wait ...
2026-02-11 14:05:10 0 [Note] InnoDB: File './ibtmp1' size is now 12.000MiB.
2026-02-11 14:05:10 0 [Note] InnoDB: log sequence number 8194468; transaction id 5598
2026-02-11 14:05:10 0 [Note] InnoDB: Loading buffer pool(s) from /config/databases/ib_buffer_pool
2026-02-11 14:05:10 0 [Note] Plugin 'FEEDBACK' is disabled.
2026-02-11 14:05:10 0 [Note] Plugin 'wsrep-provider' is disabled.
2026-02-11 14:05:10 0 [Note] Binary log 'mariadb-bin.000001' is not purged because less than 'slave_connections_needed_for_purge' slaves have processed it
2026-02-11 14:05:10 0 [Note] InnoDB: Buffer pool(s) load completed at 260211 14:05:10
2026-02-11 14:05:11 0 [Note] Server socket created on IP: '0.0.0.0', port: '3306'.
2026-02-11 14:05:11 0 [Note] Server socket created on IP: '::', port: '3306'.
2026-02-11 14:05:11 0 [Note] mariadbd: Event Scheduler: Loaded 0 events
2026-02-11 14:05:11 0 [Note] /usr/bin/mariadbd: ready for connections.
Version: '11.4.8-MariaDB-log'  socket: '/run/mysqld/mysqld.sock'  port: 3306  Alpine Linux
2026-02-11 14:05:11 4 [Warning] Aborted connection 4 to db: 'unconnected' user: 'unauthenticated' host: 'localhost' (This connection closed normally without authentication)
2026-02-11 14:05:11 6 [Warning] Access denied for user 'root'@'localhost' (using password: YES)
2026-02-11 14:05:12 7 [Warning] Aborted connection 7 to db: 'unconnected' user: 'unauthenticated' host: 'bookstack.docker_bookstack_db_net' (This connection closed normally without authentication)
2026-02-11 15:32:50 0 [Note] /usr/bin/mariadbd (initiated by: unknown): Normal shutdown
2026-02-11 15:32:50 0 [Note] InnoDB: FTS optimize thread exiting.
2026-02-11 15:32:51 0 [Note] InnoDB: Starting shutdown...
2026-02-11 15:32:51 0 [Note] InnoDB: Dumping buffer pool(s) to /config/databases/ib_buffer_pool
2026-02-11 15:32:51 0 [Note] InnoDB: Buffer pool(s) dump completed at 260211 15:32:51
2026-02-11 15:32:51 0 [Note] InnoDB: Removed temporary tablespace data file: "./ibtmp1"
2026-02-11 15:32:51 0 [Note] InnoDB: Shutdown completed; log sequence number 8194468; transaction id 5615
2026-02-11 15:32:51 0 [Note] /usr/bin/mariadbd: Shutdown complete
260211 15:32:51 mysqld_safe mysqld from pid file /run/mysqld/mysqld.pid ended
260211 15:33:02 mysqld_safe Starting mariadbd daemon with databases from /config/databases
2026-02-11 15:33:02 0 [Note] Starting MariaDB 11.4.8-MariaDB-log source revision c4ed889b74ed95fa8b4eaf96610d4c1480b346a4 server_uid fyKodtsxtLLVPTwYIHmM06ZTkqY= as process 426
2026-02-11 15:33:02 0 [Note] InnoDB: Compressed tables use zlib 1.3.1
2026-02-11 15:33:02 0 [Note] InnoDB: Number of transaction pools: 1
2026-02-11 15:33:02 0 [Note] InnoDB: Using crc32 + pclmulqdq instructions
2026-02-11 15:33:02 0 [Note] InnoDB: Using Linux native AIO
2026-02-11 15:33:02 0 [Note] InnoDB: innodb_buffer_pool_size_max=256m, innodb_buffer_pool_size=256m
2026-02-11 15:33:02 0 [Note] InnoDB: Completed initialization of buffer pool
2026-02-11 15:33:02 0 [Note] InnoDB: File system buffers for log disabled (block size=512 bytes)
2026-02-11 15:33:02 0 [Note] InnoDB: End of log at LSN=8194468
2026-02-11 15:33:02 0 [Note] InnoDB: Opened 3 undo tablespaces
2026-02-11 15:33:02 0 [Note] InnoDB: 128 rollback segments in 3 undo tablespaces are active.
2026-02-11 15:33:02 0 [Note] InnoDB: Setting file './ibtmp1' size to 12.000MiB. Physically writing the file full; Please wait ...
2026-02-11 15:33:02 0 [Note] InnoDB: File './ibtmp1' size is now 12.000MiB.
2026-02-11 15:33:02 0 [Note] InnoDB: log sequence number 8194468; transaction id 5598
2026-02-11 15:33:02 0 [Note] Plugin 'FEEDBACK' is disabled.
2026-02-11 15:33:02 0 [Note] InnoDB: Loading buffer pool(s) from /config/databases/ib_buffer_pool
2026-02-11 15:33:02 0 [Note] Plugin 'wsrep-provider' is disabled.
2026-02-11 15:33:02 0 [Note] Binary log 'mariadb-bin.000001' is not purged because less than 'slave_connections_needed_for_purge' slaves have processed it
2026-02-11 15:33:02 0 [Note] InnoDB: Buffer pool(s) load completed at 260211 15:33:02
2026-02-11 15:33:03 0 [Note] Server socket created on IP: '0.0.0.0', port: '3306'.
2026-02-11 15:33:03 0 [Note] Server socket created on IP: '::', port: '3306'.
2026-02-11 15:33:03 0 [Note] mariadbd: Event Scheduler: Loaded 0 events
2026-02-11 15:33:03 0 [Note] /usr/bin/mariadbd: ready for connections.
Version: '11.4.8-MariaDB-log'  socket: '/run/mysqld/mysqld.sock'  port: 3306  Alpine Linux
2026-02-11 15:33:04 5 [Warning] Aborted connection 5 to db: 'unconnected' user: 'unauthenticated' host: 'localhost' (This connection closed normally without authentication)
2026-02-11 15:33:04 7 [Warning] Access denied for user 'root'@'localhost' (using password: YES)
2026-02-11 15:33:04 4 [Warning] Aborted connection 4 to db: 'unconnected' user: 'unauthenticated' host: 'bookstack.docker_bookstack_db_net' (This connection closed normally without authentication)
2026-02-18  9:48:34 0 [Note] /usr/bin/mariadbd (initiated by: unknown): Normal shutdown
2026-02-18  9:48:34 0 [Note] InnoDB: FTS optimize thread exiting.
2026-02-18  9:48:34 0 [Note] InnoDB: Starting shutdown...
2026-02-18  9:48:34 0 [Note] InnoDB: Dumping buffer pool(s) to /config/databases/ib_buffer_pool
2026-02-18  9:48:34 0 [Note] InnoDB: Buffer pool(s) dump completed at 260218  9:48:34
2026-02-18  9:48:35 0 [Note] InnoDB: Removed temporary tablespace data file: "./ibtmp1"
2026-02-18  9:48:35 0 [Note] InnoDB: Shutdown completed; log sequence number 8533062; transaction id 5847
2026-02-18  9:48:35 0 [Note] /usr/bin/mariadbd: Shutdown complete
260218 09:48:35 mysqld_safe mysqld from pid file /run/mysqld/mysqld.pid ended
260218 10:09:36 mysqld_safe Starting mariadbd daemon with databases from /config/databases
2026-02-18 10:09:36 0 [Note] Starting MariaDB 11.4.8-MariaDB-log source revision c4ed889b74ed95fa8b4eaf96610d4c1480b346a4 server_uid anLYjiRomyfxMHX4Y3dtpqL+/5A= as process 421
2026-02-18 10:09:36 0 [Note] InnoDB: Compressed tables use zlib 1.3.1
2026-02-18 10:09:36 0 [Note] InnoDB: Number of transaction pools: 1
2026-02-18 10:09:36 0 [Note] InnoDB: Using crc32 + pclmulqdq instructions
2026-02-18 10:09:36 0 [Note] InnoDB: Using Linux native AIO
2026-02-18 10:09:36 0 [Note] InnoDB: innodb_buffer_pool_size_max=256m, innodb_buffer_pool_size=256m
2026-02-18 10:09:36 0 [Note] InnoDB: Completed initialization of buffer pool
2026-02-18 10:09:36 0 [Note] InnoDB: File system buffers for log disabled (block size=512 bytes)
2026-02-18 10:09:36 0 [Note] InnoDB: End of log at LSN=8533062
2026-02-18 10:09:36 0 [Note] InnoDB: Opened 3 undo tablespaces
2026-02-18 10:09:36 0 [Note] InnoDB: 128 rollback segments in 3 undo tablespaces are active.
2026-02-18 10:09:36 0 [Note] InnoDB: Setting file './ibtmp1' size to 12.000MiB. Physically writing the file full; Please wait ...
2026-02-18 10:09:36 0 [Note] InnoDB: File './ibtmp1' size is now 12.000MiB.
2026-02-18 10:09:36 0 [Note] InnoDB: log sequence number 8533062; transaction id 5848
2026-02-18 10:09:36 0 [Note] Plugin 'FEEDBACK' is disabled.
2026-02-18 10:09:36 0 [Note] Plugin 'wsrep-provider' is disabled.
2026-02-18 10:09:36 0 [Note] InnoDB: Loading buffer pool(s) from /config/databases/ib_buffer_pool
2026-02-18 10:09:36 0 [Note] Binary log 'mariadb-bin.000001' is not purged because less than 'slave_connections_needed_for_purge' slaves have processed it
2026-02-18 10:09:36 0 [Note] InnoDB: Buffer pool(s) load completed at 260218 10:09:36
2026-02-18 10:09:37 0 [Note] Server socket created on IP: '0.0.0.0', port: '3306'.
2026-02-18 10:09:37 0 [Note] Server socket created on IP: '::', port: '3306'.
2026-02-18 10:09:37 0 [Note] mariadbd: Event Scheduler: Loaded 0 events
2026-02-18 10:09:37 0 [Note] /usr/bin/mariadbd: ready for connections.
Version: '11.4.8-MariaDB-log'  socket: '/run/mysqld/mysqld.sock'  port: 3306  Alpine Linux
2026-02-18 10:09:37 4 [Warning] Aborted connection 4 to db: 'unconnected' user: 'unauthenticated' host: 'localhost' (This connection closed normally without authentication)
2026-02-18 10:09:37 6 [Warning] Access denied for user 'root'@'localhost' (using password: YES)
2026-02-18 10:09:38 7 [Warning] Aborted connection 7 to db: 'unconnected' user: 'unauthenticated' host: 'bookstack.docker_bookstack_db_net' (This connection closed normally without authentication)
2026-02-18 10:16:59 0 [Note] /usr/bin/mariadbd (initiated by: unknown): Normal shutdown
2026-02-18 10:16:59 0 [Note] InnoDB: FTS optimize thread exiting.
2026-02-18 10:16:59 0 [Note] InnoDB: Starting shutdown...
2026-02-18 10:16:59 0 [Note] InnoDB: Dumping buffer pool(s) to /config/databases/ib_buffer_pool
2026-02-18 10:16:59 0 [Note] InnoDB: Buffer pool(s) dump completed at 260218 10:16:59
2026-02-18 10:17:00 0 [Note] InnoDB: Removed temporary tablespace data file: "./ibtmp1"
2026-02-18 10:17:00 0 [Note] InnoDB: Shutdown completed; log sequence number 8533062; transaction id 5850
2026-02-18 10:17:00 0 [Note] /usr/bin/mariadbd: Shutdown complete
260218 10:17:00 mysqld_safe mysqld from pid file /run/mysqld/mysqld.pid ended
260218 10:19:12 mysqld_safe Starting mariadbd daemon with databases from /config/databases
2026-02-18 10:19:12 0 [Note] Starting MariaDB 11.4.8-MariaDB-log source revision c4ed889b74ed95fa8b4eaf96610d4c1480b346a4 server_uid cnGpcmPd89TQgfZr/Gvw6EyzxZY= as process 421
2026-02-18 10:19:13 0 [Note] InnoDB: Compressed tables use zlib 1.3.1
2026-02-18 10:19:13 0 [Note] InnoDB: Number of transaction pools: 1
2026-02-18 10:19:13 0 [Note] InnoDB: Using crc32 + pclmulqdq instructions
2026-02-18 10:19:13 0 [Note] InnoDB: Using Linux native AIO
2026-02-18 10:19:13 0 [Note] InnoDB: innodb_buffer_pool_size_max=256m, innodb_buffer_pool_size=256m
2026-02-18 10:19:13 0 [Note] InnoDB: Completed initialization of buffer pool
2026-02-18 10:19:13 0 [Note] InnoDB: File system buffers for log disabled (block size=512 bytes)
2026-02-18 10:19:13 0 [Note] InnoDB: End of log at LSN=8533062
2026-02-18 10:19:13 0 [Note] InnoDB: Opened 3 undo tablespaces
2026-02-18 10:19:13 0 [Note] InnoDB: 128 rollback segments in 3 undo tablespaces are active.
2026-02-18 10:19:13 0 [Note] InnoDB: Setting file './ibtmp1' size to 12.000MiB. Physically writing the file full; Please wait ...
2026-02-18 10:19:13 0 [Note] InnoDB: File './ibtmp1' size is now 12.000MiB.
2026-02-18 10:19:13 0 [Note] InnoDB: log sequence number 8533062; transaction id 5848
2026-02-18 10:19:13 0 [Note] InnoDB: Loading buffer pool(s) from /config/databases/ib_buffer_pool
2026-02-18 10:19:13 0 [Note] Plugin 'FEEDBACK' is disabled.
2026-02-18 10:19:13 0 [Note] Plugin 'wsrep-provider' is disabled.
2026-02-18 10:19:13 0 [Note] Binary log 'mariadb-bin.000001' is not purged because less than 'slave_connections_needed_for_purge' slaves have processed it
2026-02-18 10:19:13 0 [Note] InnoDB: Buffer pool(s) load completed at 260218 10:19:13
2026-02-18 10:19:15 0 [Note] Server socket created on IP: '0.0.0.0', port: '3306'.
2026-02-18 10:19:15 0 [Note] Server socket created on IP: '::', port: '3306'.
2026-02-18 10:19:15 0 [Note] mariadbd: Event Scheduler: Loaded 0 events
2026-02-18 10:19:15 0 [Note] /usr/bin/mariadbd: ready for connections.
Version: '11.4.8-MariaDB-log'  socket: '/run/mysqld/mysqld.sock'  port: 3306  Alpine Linux
2026-02-18 10:19:15 4 [Warning] Aborted connection 4 to db: 'unconnected' user: 'unauthenticated' host: 'localhost' (This connection closed normally without authentication)
2026-02-18 10:19:15 6 [Warning] Access denied for user 'root'@'localhost' (using password: YES)
2026-02-18 10:19:17 7 [Warning] Aborted connection 7 to db: 'unconnected' user: 'unauthenticated' host: 'bookstack.docker_bookstack_db_net' (This connection closed normally without authentication)
2026-02-18 10:19:42 0 [Note] /usr/bin/mariadbd (initiated by: unknown): Normal shutdown
2026-02-18 10:19:42 0 [Note] InnoDB: FTS optimize thread exiting.
2026-02-18 10:19:43 0 [Note] InnoDB: Starting shutdown...
2026-02-18 10:19:43 0 [Note] InnoDB: Dumping buffer pool(s) to /config/databases/ib_buffer_pool
2026-02-18 10:19:43 0 [Note] InnoDB: Buffer pool(s) dump completed at 260218 10:19:43
2026-02-18 10:19:43 0 [Note] InnoDB: Removed temporary tablespace data file: "./ibtmp1"
2026-02-18 10:19:43 0 [Note] InnoDB: Shutdown completed; log sequence number 8533062; transaction id 5850
2026-02-18 10:19:43 0 [Note] /usr/bin/mariadbd: Shutdown complete
260218 10:19:43 mysqld_safe mysqld from pid file /run/mysqld/mysqld.pid ended
260218 10:19:54 mysqld_safe Starting mariadbd daemon with databases from /config/databases
2026-02-18 10:19:54 0 [Note] Starting MariaDB 11.4.8-MariaDB-log source revision c4ed889b74ed95fa8b4eaf96610d4c1480b346a4 server_uid 8xPFyn1fdxTjLT5H8f6WXOPnaDg= as process 424
2026-02-18 10:19:54 0 [Note] InnoDB: Compressed tables use zlib 1.3.1
2026-02-18 10:19:54 0 [Note] InnoDB: Number of transaction pools: 1
2026-02-18 10:19:54 0 [Note] InnoDB: Using crc32 + pclmulqdq instructions
2026-02-18 10:19:54 0 [Note] InnoDB: Using Linux native AIO
2026-02-18 10:19:54 0 [Note] InnoDB: innodb_buffer_pool_size_max=256m, innodb_buffer_pool_size=256m
2026-02-18 10:19:54 0 [Note] InnoDB: Completed initialization of buffer pool
2026-02-18 10:19:54 0 [Note] InnoDB: File system buffers for log disabled (block size=512 bytes)
2026-02-18 10:19:54 0 [Note] InnoDB: End of log at LSN=8533062
2026-02-18 10:19:54 0 [Note] InnoDB: Opened 3 undo tablespaces
2026-02-18 10:19:54 0 [Note] InnoDB: 128 rollback segments in 3 undo tablespaces are active.
2026-02-18 10:19:54 0 [Note] InnoDB: Setting file './ibtmp1' size to 12.000MiB. Physically writing the file full; Please wait ...
2026-02-18 10:19:54 0 [Note] InnoDB: File './ibtmp1' size is now 12.000MiB.
2026-02-18 10:19:54 0 [Note] InnoDB: log sequence number 8533062; transaction id 5848
2026-02-18 10:19:54 0 [Note] Plugin 'FEEDBACK' is disabled.
2026-02-18 10:19:54 0 [Note] Plugin 'wsrep-provider' is disabled.
2026-02-18 10:19:54 0 [Note] InnoDB: Loading buffer pool(s) from /config/databases/ib_buffer_pool
2026-02-18 10:19:54 0 [Note] Binary log 'mariadb-bin.000001' is not purged because less than 'slave_connections_needed_for_purge' slaves have processed it
2026-02-18 10:19:54 0 [Note] InnoDB: Buffer pool(s) load completed at 260218 10:19:54
2026-02-18 10:19:55 0 [Note] Server socket created on IP: '0.0.0.0', port: '3306'.
2026-02-18 10:19:55 0 [Note] Server socket created on IP: '::', port: '3306'.
2026-02-18 10:19:55 0 [Note] mariadbd: Event Scheduler: Loaded 0 events
2026-02-18 10:19:55 0 [Note] /usr/bin/mariadbd: ready for connections.
Version: '11.4.8-MariaDB-log'  socket: '/run/mysqld/mysqld.sock'  port: 3306  Alpine Linux
2026-02-18 10:19:55 4 [Warning] Aborted connection 4 to db: 'unconnected' user: 'unauthenticated' host: 'localhost' (This connection closed normally without authentication)
2026-02-18 10:19:55 6 [Warning] Access denied for user 'root'@'localhost' (using password: YES)
2026-02-18 10:19:57 7 [Warning] Aborted connection 7 to db: 'unconnected' user: 'unauthenticated' host: 'bookstack.docker_bookstack_db_net' (This connection closed normally without authentication)
2026-02-18 19:45:57 393 [Warning] Aborted connection 393 to db: 'unconnected' user: 'unauthenticated' host: 'bookstack.docker_bookstack_db_net' (This connection closed normally without authentication)
2026-02-19 15:49:55 0 [Note] /usr/bin/mariadbd (initiated by: unknown): Normal shutdown
2026-02-19 15:49:55 0 [Note] InnoDB: FTS optimize thread exiting.
2026-02-19 15:49:55 0 [Note] InnoDB: Starting shutdown...
2026-02-19 15:49:55 0 [Note] InnoDB: Dumping buffer pool(s) to /config/databases/ib_buffer_pool
2026-02-19 15:49:55 0 [Note] InnoDB: Buffer pool(s) dump completed at 260219 15:49:55
2026-02-19 15:49:56 0 [Note] InnoDB: Removed temporary tablespace data file: "./ibtmp1"
2026-02-19 15:49:56 0 [Note] InnoDB: Shutdown completed; log sequence number 8535366; transaction id 5876
2026-02-19 15:49:56 0 [Note] /usr/bin/mariadbd: Shutdown complete
260219 15:49:56 mysqld_safe mysqld from pid file /run/mysqld/mysqld.pid ended
260219 15:50:30 mysqld_safe Starting mariadbd daemon with databases from /config/databases
2026-02-19 15:50:30 0 [Note] Starting MariaDB 11.4.8-MariaDB-log source revision c4ed889b74ed95fa8b4eaf96610d4c1480b346a4 server_uid udOiuqmgHlfbrVX1iObXc5GJr9Q= as process 425
2026-02-19 15:50:30 0 [Note] InnoDB: Compressed tables use zlib 1.3.1
2026-02-19 15:50:30 0 [Note] InnoDB: Number of transaction pools: 1
2026-02-19 15:50:30 0 [Note] InnoDB: Using crc32 + pclmulqdq instructions
2026-02-19 15:50:30 0 [Note] InnoDB: Using Linux native AIO
2026-02-19 15:50:30 0 [Note] InnoDB: innodb_buffer_pool_size_max=256m, innodb_buffer_pool_size=256m
2026-02-19 15:50:30 0 [Note] InnoDB: Completed initialization of buffer pool
2026-02-19 15:50:30 0 [Note] InnoDB: File system buffers for log disabled (block size=512 bytes)
2026-02-19 15:50:30 0 [Note] InnoDB: End of log at LSN=8535366
2026-02-19 15:50:30 0 [Note] InnoDB: Opened 3 undo tablespaces
2026-02-19 15:50:30 0 [Note] InnoDB: 128 rollback segments in 3 undo tablespaces are active.
2026-02-19 15:50:30 0 [Note] InnoDB: Setting file './ibtmp1' size to 12.000MiB. Physically writing the file full; Please wait ...
2026-02-19 15:50:30 0 [Note] InnoDB: File './ibtmp1' size is now 12.000MiB.
2026-02-19 15:50:30 0 [Note] InnoDB: log sequence number 8535366; transaction id 5877
2026-02-19 15:50:30 0 [Note] Plugin 'FEEDBACK' is disabled.
2026-02-19 15:50:30 0 [Note] InnoDB: Loading buffer pool(s) from /config/databases/ib_buffer_pool
2026-02-19 15:50:30 0 [Note] Plugin 'wsrep-provider' is disabled.
2026-02-19 15:50:30 0 [Note] Binary log 'mariadb-bin.000001' is not purged because less than 'slave_connections_needed_for_purge' slaves have processed it
2026-02-19 15:50:30 0 [Note] InnoDB: Buffer pool(s) load completed at 260219 15:50:30
2026-02-19 15:50:31 0 [Note] Server socket created on IP: '0.0.0.0', port: '3306'.
2026-02-19 15:50:31 0 [Note] Server socket created on IP: '::', port: '3306'.
2026-02-19 15:50:31 0 [Note] mariadbd: Event Scheduler: Loaded 0 events
2026-02-19 15:50:31 0 [Note] /usr/bin/mariadbd: ready for connections.
Version: '11.4.8-MariaDB-log'  socket: '/run/mysqld/mysqld.sock'  port: 3306  Alpine Linux
2026-02-19 15:50:32 5 [Warning] Aborted connection 5 to db: 'unconnected' user: 'unauthenticated' host: 'localhost' (This connection closed normally without authentication)
2026-02-19 15:50:32 7 [Warning] Access denied for user 'root'@'localhost' (using password: YES)
2026-02-19 15:50:32 4 [Warning] Aborted connection 4 to db: 'unconnected' user: 'unauthenticated' host: 'bookstack.docker_bookstack_db_net' (This connection closed normally without authentication)
